19-May-2018 11:45:58.855 INFO [main] org.apache.catalina.startup.VersionLoggerListener.log Server version:        Apache Tomcat/9.0.8
19-May-2018 11:45:58.858 INFO [main] org.apache.catalina.startup.VersionLoggerListener.log Server built:          Apr 27 2018 19:32:00 UTC
19-May-2018 11:45:58.858 INFO [main] org.apache.catalina.startup.VersionLoggerListener.log Server number:         9.0.8.0
19-May-2018 11:45:58.859 INFO [main] org.apache.catalina.startup.VersionLoggerListener.log OS Name:               Linux
19-May-2018 11:45:58.859 INFO [main] org.apache.catalina.startup.VersionLoggerListener.log OS Version:            4.13.0-41-generic
19-May-2018 11:45:58.859 INFO [main] org.apache.catalina.startup.VersionLoggerListener.log Architecture:          amd64
19-May-2018 11:45:58.859 INFO [main] org.apache.catalina.startup.VersionLoggerListener.log Java Home:             /usr/lib/jvm/java-8-oracle/jre
19-May-2018 11:45:58.859 INFO [main] org.apache.catalina.startup.VersionLoggerListener.log JVM Version:           1.8.0_144-b01
19-May-2018 11:45:58.860 INFO [main] org.apache.catalina.startup.VersionLoggerListener.log JVM Vendor:            Oracle Corporation
19-May-2018 11:45:58.860 INFO [main] org.apache.catalina.startup.VersionLoggerListener.log CATALINA_BASE:         /home/bridgeit/Documents/apache-tomcat-9.0.8
19-May-2018 11:45:58.860 INFO [main] org.apache.catalina.startup.VersionLoggerListener.log CATALINA_HOME:         /home/bridgeit/Documents/apache-tomcat-9.0.8
19-May-2018 11:45:58.860 INFO [main] org.apache.catalina.startup.VersionLoggerListener.log Command line argument: -Djava.util.logging.config.file=/home/bridgeit/Documents/apache-tomcat-9.0.8/conf/logging.properties
19-May-2018 11:45:58.860 INFO [main] org.apache.catalina.startup.VersionLoggerListener.log Command line argument: -Djava.util.logging.manager=org.apache.juli.ClassLoaderLogManager
19-May-2018 11:45:58.860 INFO [main] org.apache.catalina.startup.VersionLoggerListener.log Command line argument: -Djdk.tls.ephemeralDHKeySize=2048
19-May-2018 11:45:58.861 INFO [main] org.apache.catalina.startup.VersionLoggerListener.log Command line argument: -Djava.protocol.handler.pkgs=org.apache.catalina.webresources
19-May-2018 11:45:58.861 INFO [main] org.apache.catalina.startup.VersionLoggerListener.log Command line argument: -Dorg.apache.catalina.security.SecurityListener.UMASK=0027
19-May-2018 11:45:58.861 INFO [main] org.apache.catalina.startup.VersionLoggerListener.log Command line argument: -Dignore.endorsed.dirs=
19-May-2018 11:45:58.861 INFO [main] org.apache.catalina.startup.VersionLoggerListener.log Command line argument: -Dcatalina.base=/home/bridgeit/Documents/apache-tomcat-9.0.8
19-May-2018 11:45:58.861 INFO [main] org.apache.catalina.startup.VersionLoggerListener.log Command line argument: -Dcatalina.home=/home/bridgeit/Documents/apache-tomcat-9.0.8
19-May-2018 11:45:58.861 INFO [main] org.apache.catalina.startup.VersionLoggerListener.log Command line argument: -Djava.io.tmpdir=/home/bridgeit/Documents/apache-tomcat-9.0.8/temp
19-May-2018 11:45:58.861 INFO [main] org.apache.catalina.core.AprLifecycleListener.lifecycleEvent The APR based Apache Tomcat Native library which allows optimal performance in production environments was not found on the java.library.path: [/usr/java/packages/lib/amd64:/usr/lib64:/lib64:/lib:/usr/lib]
19-May-2018 11:45:58.964 INFO [main] org.apache.coyote.AbstractProtocol.init Initializing ProtocolHandler ["http-nio-8080"]
19-May-2018 11:45:58.975 INFO [main] org.apache.tomcat.util.net.NioSelectorPool.getSharedSelector Using a shared selector for servlet write/read
19-May-2018 11:45:58.980 INFO [main] org.apache.coyote.AbstractProtocol.init Initializing ProtocolHandler ["ajp-nio-8009"]
19-May-2018 11:45:58.982 INFO [main] org.apache.tomcat.util.net.NioSelectorPool.getSharedSelector Using a shared selector for servlet write/read
19-May-2018 11:45:58.983 INFO [main] org.apache.catalina.startup.Catalina.load Initialization processed in 453 ms
19-May-2018 11:45:59.003 INFO [main] org.apache.catalina.core.StandardService.startInternal Starting service [Catalina]
19-May-2018 11:45:59.003 INFO [main] org.apache.catalina.core.StandardEngine.startInternal Starting Servlet Engine: Apache Tomcat/9.0.8
19-May-2018 11:45:59.010 INFO [main] org.apache.catalina.startup.HostConfig.deployDirectory Deploying web application directory [/home/bridgeit/Documents/apache-tomcat-9.0.8/webapps/host-manager]
19-May-2018 11:45:59.309 INFO [main] org.apache.catalina.startup.HostConfig.deployDirectory Deployment of web application directory [/home/bridgeit/Documents/apache-tomcat-9.0.8/webapps/host-manager] has finished in [298] ms
19-May-2018 11:45:59.309 INFO [main] org.apache.catalina.startup.HostConfig.deployDirectory Deploying web application directory [/home/bridgeit/Documents/apache-tomcat-9.0.8/webapps/docs]
19-May-2018 11:45:59.332 INFO [main] org.apache.catalina.startup.HostConfig.deployDirectory Deployment of web application directory [/home/bridgeit/Documents/apache-tomcat-9.0.8/webapps/docs] has finished in [22] ms
19-May-2018 11:45:59.332 INFO [main] org.apache.catalina.startup.HostConfig.deployDirectory Deploying web application directory [/home/bridgeit/Documents/apache-tomcat-9.0.8/webapps/examples]
19-May-2018 11:45:59.610 INFO [main] org.apache.catalina.startup.HostConfig.deployDirectory Deployment of web application directory [/home/bridgeit/Documents/apache-tomcat-9.0.8/webapps/examples] has finished in [278] ms
19-May-2018 11:45:59.610 INFO [main] org.apache.catalina.startup.HostConfig.deployDirectory Deploying web application directory [/home/bridgeit/Documents/apache-tomcat-9.0.8/webapps/ROOT]
19-May-2018 11:45:59.622 INFO [main] org.apache.catalina.startup.HostConfig.deployDirectory Deployment of web application directory [/home/bridgeit/Documents/apache-tomcat-9.0.8/webapps/ROOT] has finished in [11] ms
19-May-2018 11:45:59.622 INFO [main] org.apache.catalina.startup.HostConfig.deployDirectory Deploying web application directory [/home/bridgeit/Documents/apache-tomcat-9.0.8/webapps/manager]
19-May-2018 11:45:59.637 INFO [main] org.apache.catalina.startup.HostConfig.deployDirectory Deployment of web application directory [/home/bridgeit/Documents/apache-tomcat-9.0.8/webapps/manager] has finished in [15] ms
19-May-2018 11:45:59.640 INFO [main] org.apache.coyote.AbstractProtocol.start Starting ProtocolHandler ["http-nio-8080"]
19-May-2018 11:45:59.663 INFO [main] org.apache.coyote.AbstractProtocol.start Starting ProtocolHandler ["ajp-nio-8009"]
19-May-2018 11:45:59.668 INFO [main] org.apache.catalina.startup.Catalina.start Server startup in 684 ms
19-May-2018 11:46:25.484 INFO [main] org.apache.catalina.core.StandardServer.await A valid shutdown command was received via the shutdown port. Stopping the Server instance.
19-May-2018 11:46:25.485 INFO [main] org.apache.coyote.AbstractProtocol.pause Pausing ProtocolHandler ["http-nio-8080"]
19-May-2018 11:46:25.537 INFO [main] org.apache.coyote.AbstractProtocol.pause Pausing ProtocolHandler ["ajp-nio-8009"]
19-May-2018 11:46:25.588 INFO [main] org.apache.catalina.core.StandardService.stopInternal Stopping service [Catalina]
19-May-2018 11:46:25.612 INFO [main] org.apache.coyote.AbstractProtocol.stop Stopping ProtocolHandler ["http-nio-8080"]
19-May-2018 11:46:25.617 INFO [main] org.apache.coyote.AbstractProtocol.stop Stopping ProtocolHandler ["ajp-nio-8009"]
19-May-2018 11:46:25.626 INFO [main] org.apache.coyote.AbstractProtocol.destroy Destroying ProtocolHandler ["http-nio-8080"]
19-May-2018 11:46:25.628 INFO [main] org.apache.coyote.AbstractProtocol.destroy Destroying ProtocolHandler ["ajp-nio-8009"]
19-May-2018 11:46:39.974 INFO [main] org.apache.catalina.startup.VersionLoggerListener.log Server version:        Apache Tomcat/9.0.8
19-May-2018 11:46:39.976 INFO [main] org.apache.catalina.startup.VersionLoggerListener.log Server built:          Apr 27 2018 19:32:00 UTC
19-May-2018 11:46:39.977 INFO [main] org.apache.catalina.startup.VersionLoggerListener.log Server number:         9.0.8.0
19-May-2018 11:46:39.977 INFO [main] org.apache.catalina.startup.VersionLoggerListener.log OS Name:               Linux
19-May-2018 11:46:39.977 INFO [main] org.apache.catalina.startup.VersionLoggerListener.log OS Version:            4.13.0-41-generic
19-May-2018 11:46:39.977 INFO [main] org.apache.catalina.startup.VersionLoggerListener.log Architecture:          amd64
19-May-2018 11:46:39.977 INFO [main] org.apache.catalina.startup.VersionLoggerListener.log Java Home:             /usr/lib/jvm/java-8-oracle/jre
19-May-2018 11:46:39.978 INFO [main] org.apache.catalina.startup.VersionLoggerListener.log JVM Version:           1.8.0_144-b01
19-May-2018 11:46:39.978 INFO [main] org.apache.catalina.startup.VersionLoggerListener.log JVM Vendor:            Oracle Corporation
19-May-2018 11:46:39.978 INFO [main] org.apache.catalina.startup.VersionLoggerListener.log CATALINA_BASE:         /home/bridgeit/Documents/apache-tomcat-9.0.8
19-May-2018 11:46:39.978 INFO [main] org.apache.catalina.startup.VersionLoggerListener.log CATALINA_HOME:         /home/bridgeit/Documents/apache-tomcat-9.0.8
19-May-2018 11:46:39.978 INFO [main] org.apache.catalina.startup.VersionLoggerListener.log Command line argument: -Djava.util.logging.config.file=/home/bridgeit/Documents/apache-tomcat-9.0.8/conf/logging.properties
19-May-2018 11:46:39.979 INFO [main] org.apache.catalina.startup.VersionLoggerListener.log Command line argument: -Djava.util.logging.manager=org.apache.juli.ClassLoaderLogManager
19-May-2018 11:46:39.979 INFO [main] org.apache.catalina.startup.VersionLoggerListener.log Command line argument: -Djdk.tls.ephemeralDHKeySize=2048
19-May-2018 11:46:39.979 INFO [main] org.apache.catalina.startup.VersionLoggerListener.log Command line argument: -Djava.protocol.handler.pkgs=org.apache.catalina.webresources
19-May-2018 11:46:39.979 INFO [main] org.apache.catalina.startup.VersionLoggerListener.log Command line argument: -Dorg.apache.catalina.security.SecurityListener.UMASK=0027
19-May-2018 11:46:39.979 INFO [main] org.apache.catalina.startup.VersionLoggerListener.log Command line argument: -Dignore.endorsed.dirs=
19-May-2018 11:46:39.979 INFO [main] org.apache.catalina.startup.VersionLoggerListener.log Command line argument: -Dcatalina.base=/home/bridgeit/Documents/apache-tomcat-9.0.8
19-May-2018 11:46:39.979 INFO [main] org.apache.catalina.startup.VersionLoggerListener.log Command line argument: -Dcatalina.home=/home/bridgeit/Documents/apache-tomcat-9.0.8
19-May-2018 11:46:39.979 INFO [main] org.apache.catalina.startup.VersionLoggerListener.log Command line argument: -Djava.io.tmpdir=/home/bridgeit/Documents/apache-tomcat-9.0.8/temp
19-May-2018 11:46:39.979 INFO [main] org.apache.catalina.core.AprLifecycleListener.lifecycleEvent The APR based Apache Tomcat Native library which allows optimal performance in production environments was not found on the java.library.path: [/usr/java/packages/lib/amd64:/usr/lib64:/lib64:/lib:/usr/lib]
19-May-2018 11:46:40.081 INFO [main] org.apache.coyote.AbstractProtocol.init Initializing ProtocolHandler ["http-nio-8080"]
19-May-2018 11:46:40.092 INFO [main] org.apache.tomcat.util.net.NioSelectorPool.getSharedSelector Using a shared selector for servlet write/read
19-May-2018 11:46:40.097 INFO [main] org.apache.coyote.AbstractProtocol.init Initializing ProtocolHandler ["ajp-nio-8009"]
19-May-2018 11:46:40.098 INFO [main] org.apache.tomcat.util.net.NioSelectorPool.getSharedSelector Using a shared selector for servlet write/read
19-May-2018 11:46:40.100 INFO [main] org.apache.catalina.startup.Catalina.load Initialization processed in 429 ms
19-May-2018 11:46:40.120 INFO [main] org.apache.catalina.core.StandardService.startInternal Starting service [Catalina]
19-May-2018 11:46:40.120 INFO [main] org.apache.catalina.core.StandardEngine.startInternal Starting Servlet Engine: Apache Tomcat/9.0.8
19-May-2018 11:46:40.127 INFO [main] org.apache.catalina.startup.HostConfig.deployDirectory Deploying web application directory [/home/bridgeit/Documents/apache-tomcat-9.0.8/webapps/host-manager]
19-May-2018 11:46:40.382 INFO [main] org.apache.catalina.startup.HostConfig.deployDirectory Deployment of web application directory [/home/bridgeit/Documents/apache-tomcat-9.0.8/webapps/host-manager] has finished in [255] ms
19-May-2018 11:46:40.382 INFO [main] org.apache.catalina.startup.HostConfig.deployDirectory Deploying web application directory [/home/bridgeit/Documents/apache-tomcat-9.0.8/webapps/docs]
19-May-2018 11:46:40.395 INFO [main] org.apache.catalina.startup.HostConfig.deployDirectory Deployment of web application directory [/home/bridgeit/Documents/apache-tomcat-9.0.8/webapps/docs] has finished in [12] ms
19-May-2018 11:46:40.395 INFO [main] org.apache.catalina.startup.HostConfig.deployDirectory Deploying web application directory [/home/bridgeit/Documents/apache-tomcat-9.0.8/webapps/examples]
19-May-2018 11:46:40.632 INFO [main] org.apache.catalina.startup.HostConfig.deployDirectory Deployment of web application directory [/home/bridgeit/Documents/apache-tomcat-9.0.8/webapps/examples] has finished in [237] ms
19-May-2018 11:46:40.632 INFO [main] org.apache.catalina.startup.HostConfig.deployDirectory Deploying web application directory [/home/bridgeit/Documents/apache-tomcat-9.0.8/webapps/ROOT]
19-May-2018 11:46:40.644 INFO [main] org.apache.catalina.startup.HostConfig.deployDirectory Deployment of web application directory [/home/bridgeit/Documents/apache-tomcat-9.0.8/webapps/ROOT] has finished in [12] ms
19-May-2018 11:46:40.644 INFO [main] org.apache.catalina.startup.HostConfig.deployDirectory Deploying web application directory [/home/bridgeit/Documents/apache-tomcat-9.0.8/webapps/manager]
19-May-2018 11:46:40.660 INFO [main] org.apache.catalina.startup.HostConfig.deployDirectory Deployment of web application directory [/home/bridgeit/Documents/apache-tomcat-9.0.8/webapps/manager] has finished in [16] ms
19-May-2018 11:46:40.662 INFO [main] org.apache.coyote.AbstractProtocol.start Starting ProtocolHandler ["http-nio-8080"]
19-May-2018 11:46:40.668 INFO [main] org.apache.coyote.AbstractProtocol.start Starting ProtocolHandler ["ajp-nio-8009"]
19-May-2018 11:46:40.669 INFO [main] org.apache.catalina.startup.Catalina.start Server startup in 568 ms
19-May-2018 11:48:00.676 INFO [ContainerBackgroundProcessor[StandardEngine[Catalina]]] org.apache.catalina.startup.HostConfig.deployDirectory Deploying web application directory [/home/bridgeit/Documents/apache-tomcat-9.0.8/webapps/Untitled Folder]
19-May-2018 11:48:00.692 INFO [ContainerBackgroundProcessor[StandardEngine[Catalina]]] org.apache.catalina.startup.HostConfig.deployDirectory Deployment of web application directory [/home/bridgeit/Documents/apache-tomcat-9.0.8/webapps/Untitled Folder] has finished in [15] ms
19-May-2018 11:48:11.194 INFO [ContainerBackgroundProcessor[StandardEngine[Catalina]]] org.apache.catalina.startup.HostConfig.undeploy Undeploying context [/Untitled Folder]
19-May-2018 11:48:11.206 INFO [ContainerBackgroundProcessor[StandardEngine[Catalina]]] org.apache.catalina.startup.HostConfig.deployDirectory Deploying web application directory [/home/bridgeit/Documents/apache-tomcat-9.0.8/webapps/login]
19-May-2018 11:48:11.218 INFO [ContainerBackgroundProcessor[StandardEngine[Catalina]]] org.apache.catalina.startup.HostConfig.deployDirectory Deployment of web application directory [/home/bridgeit/Documents/apache-tomcat-9.0.8/webapps/login] has finished in [12] ms
19-May-2018 11:50:01.737 INFO [ContainerBackgroundProcessor[StandardEngine[Catalina]]] org.apache.catalina.startup.HostConfig.undeploy Undeploying context [/login]
19-May-2018 11:50:08.148 INFO [main] org.apache.catalina.core.StandardServer.await A valid shutdown command was received via the shutdown port. Stopping the Server instance.
19-May-2018 11:50:08.149 INFO [main] org.apache.coyote.AbstractProtocol.pause Pausing ProtocolHandler ["http-nio-8080"]
19-May-2018 11:50:08.202 INFO [main] org.apache.coyote.AbstractProtocol.pause Pausing ProtocolHandler ["ajp-nio-8009"]
19-May-2018 11:50:08.253 INFO [main] org.apache.catalina.core.StandardService.stopInternal Stopping service [Catalina]
19-May-2018 11:50:08.269 INFO [main] org.apache.coyote.AbstractProtocol.stop Stopping ProtocolHandler ["http-nio-8080"]
19-May-2018 11:50:08.272 INFO [main] org.apache.coyote.AbstractProtocol.stop Stopping ProtocolHandler ["ajp-nio-8009"]
19-May-2018 11:50:08.273 INFO [main] org.apache.coyote.AbstractProtocol.destroy Destroying ProtocolHandler ["http-nio-8080"]
19-May-2018 11:50:08.273 INFO [main] org.apache.coyote.AbstractProtocol.destroy Destroying ProtocolHandler ["ajp-nio-8009"]
19-May-2018 11:50:40.214 INFO [main] org.apache.catalina.startup.VersionLoggerListener.log Server version:        Apache Tomcat/9.0.8
19-May-2018 11:50:40.216 INFO [main] org.apache.catalina.startup.VersionLoggerListener.log Server built:          Apr 27 2018 19:32:00 UTC
19-May-2018 11:50:40.216 INFO [main] org.apache.catalina.startup.VersionLoggerListener.log Server number:         9.0.8.0
19-May-2018 11:50:40.216 INFO [main] org.apache.catalina.startup.VersionLoggerListener.log OS Name:               Linux
19-May-2018 11:50:40.216 INFO [main] org.apache.catalina.startup.VersionLoggerListener.log OS Version:            4.13.0-41-generic
19-May-2018 11:50:40.216 INFO [main] org.apache.catalina.startup.VersionLoggerListener.log Architecture:          amd64
19-May-2018 11:50:40.216 INFO [main] org.apache.catalina.startup.VersionLoggerListener.log Java Home:             /usr/lib/jvm/java-8-oracle/jre
19-May-2018 11:50:40.217 INFO [main] org.apache.catalina.startup.VersionLoggerListener.log JVM Version:           1.8.0_144-b01
19-May-2018 11:50:40.217 INFO [main] org.apache.catalina.startup.VersionLoggerListener.log JVM Vendor:            Oracle Corporation
19-May-2018 11:50:40.217 INFO [main] org.apache.catalina.startup.VersionLoggerListener.log CATALINA_BASE:         /home/bridgeit/Documents/apache-tomcat-9.0.8
19-May-2018 11:50:40.217 INFO [main] org.apache.catalina.startup.VersionLoggerListener.log CATALINA_HOME:         /home/bridgeit/Documents/apache-tomcat-9.0.8
19-May-2018 11:50:40.217 INFO [main] org.apache.catalina.startup.VersionLoggerListener.log Command line argument: -Djava.util.logging.config.file=/home/bridgeit/Documents/apache-tomcat-9.0.8/conf/logging.properties
19-May-2018 11:50:40.217 INFO [main] org.apache.catalina.startup.VersionLoggerListener.log Command line argument: -Djava.util.logging.manager=org.apache.juli.ClassLoaderLogManager
19-May-2018 11:50:40.217 INFO [main] org.apache.catalina.startup.VersionLoggerListener.log Command line argument: -Djdk.tls.ephemeralDHKeySize=2048
19-May-2018 11:50:40.217 INFO [main] org.apache.catalina.startup.VersionLoggerListener.log Command line argument: -Djava.protocol.handler.pkgs=org.apache.catalina.webresources
19-May-2018 11:50:40.217 INFO [main] org.apache.catalina.startup.VersionLoggerListener.log Command line argument: -Dorg.apache.catalina.security.SecurityListener.UMASK=0027
19-May-2018 11:50:40.217 INFO [main] org.apache.catalina.startup.VersionLoggerListener.log Command line argument: -Dignore.endorsed.dirs=
19-May-2018 11:50:40.218 INFO [main] org.apache.catalina.startup.VersionLoggerListener.log Command line argument: -Dcatalina.base=/home/bridgeit/Documents/apache-tomcat-9.0.8
19-May-2018 11:50:40.218 INFO [main] org.apache.catalina.startup.VersionLoggerListener.log Command line argument: -Dcatalina.home=/home/bridgeit/Documents/apache-tomcat-9.0.8
19-May-2018 11:50:40.218 INFO [main] org.apache.catalina.startup.VersionLoggerListener.log Command line argument: -Djava.io.tmpdir=/home/bridgeit/Documents/apache-tomcat-9.0.8/temp
19-May-2018 11:50:40.218 INFO [main] org.apache.catalina.core.AprLifecycleListener.lifecycleEvent The APR based Apache Tomcat Native library which allows optimal performance in production environments was not found on the java.library.path: [/usr/java/packages/lib/amd64:/usr/lib64:/lib64:/lib:/usr/lib]
19-May-2018 11:50:40.319 INFO [main] org.apache.coyote.AbstractProtocol.init Initializing ProtocolHandler ["http-nio-8080"]
19-May-2018 11:50:40.330 INFO [main] org.apache.tomcat.util.net.NioSelectorPool.getSharedSelector Using a shared selector for servlet write/read
19-May-2018 11:50:40.336 INFO [main] org.apache.coyote.AbstractProtocol.init Initializing ProtocolHandler ["ajp-nio-8009"]
19-May-2018 11:50:40.337 INFO [main] org.apache.tomcat.util.net.NioSelectorPool.getSharedSelector Using a shared selector for servlet write/read
19-May-2018 11:50:40.337 INFO [main] org.apache.catalina.startup.Catalina.load Initialization processed in 430 ms
19-May-2018 11:50:40.357 INFO [main] org.apache.catalina.core.StandardService.startInternal Starting service [Catalina]
19-May-2018 11:50:40.357 INFO [main] org.apache.catalina.core.StandardEngine.startInternal Starting Servlet Engine: Apache Tomcat/9.0.8
19-May-2018 11:50:40.364 INFO [main] org.apache.catalina.startup.HostConfig.deployDirectory Deploying web application directory [/home/bridgeit/Documents/apache-tomcat-9.0.8/webapps/host-manager]
19-May-2018 11:50:40.623 INFO [main] org.apache.catalina.startup.HostConfig.deployDirectory Deployment of web application directory [/home/bridgeit/Documents/apache-tomcat-9.0.8/webapps/host-manager] has finished in [259] ms
19-May-2018 11:50:40.624 INFO [main] org.apache.catalina.startup.HostConfig.deployDirectory Deploying web application directory [/home/bridgeit/Documents/apache-tomcat-9.0.8/webapps/docs]
19-May-2018 11:50:40.636 INFO [main] org.apache.catalina.startup.HostConfig.deployDirectory Deployment of web application directory [/home/bridgeit/Documents/apache-tomcat-9.0.8/webapps/docs] has finished in [13] ms
19-May-2018 11:50:40.636 INFO [main] org.apache.catalina.startup.HostConfig.deployDirectory Deploying web application directory [/home/bridgeit/Documents/apache-tomcat-9.0.8/webapps/examples]
19-May-2018 11:50:40.863 INFO [main] org.apache.catalina.startup.HostConfig.deployDirectory Deployment of web application directory [/home/bridgeit/Documents/apache-tomcat-9.0.8/webapps/examples] has finished in [227] ms
19-May-2018 11:50:40.863 INFO [main] org.apache.catalina.startup.HostConfig.deployDirectory Deploying web application directory [/home/bridgeit/Documents/apache-tomcat-9.0.8/webapps/ROOT]
19-May-2018 11:50:40.875 INFO [main] org.apache.catalina.startup.HostConfig.deployDirectory Deployment of web application directory [/home/bridgeit/Documents/apache-tomcat-9.0.8/webapps/ROOT] has finished in [12] ms
19-May-2018 11:50:40.875 INFO [main] org.apache.catalina.startup.HostConfig.deployDirectory Deploying web application directory [/home/bridgeit/Documents/apache-tomcat-9.0.8/webapps/manager]
19-May-2018 11:50:40.905 INFO [main] org.apache.catalina.startup.HostConfig.deployDirectory Deployment of web application directory [/home/bridgeit/Documents/apache-tomcat-9.0.8/webapps/manager] has finished in [30] ms
19-May-2018 11:50:40.908 INFO [main] org.apache.coyote.AbstractProtocol.start Starting ProtocolHandler ["http-nio-8080"]
19-May-2018 11:50:40.929 INFO [main] org.apache.coyote.AbstractProtocol.start Starting ProtocolHandler ["ajp-nio-8009"]
19-May-2018 11:50:40.934 INFO [main] org.apache.catalina.startup.Catalina.start Server startup in 596 ms
19-May-2018 11:51:00.911 INFO [ContainerBackgroundProcessor[StandardEngine[Catalina]]] org.apache.catalina.startup.HostConfig.deployDirectory Deploying web application directory [/home/bridgeit/Documents/apache-tomcat-9.0.8/webapps/Untitled Folder]
19-May-2018 11:51:00.928 INFO [ContainerBackgroundProcessor[StandardEngine[Catalina]]] org.apache.catalina.startup.HostConfig.deployDirectory Deployment of web application directory [/home/bridgeit/Documents/apache-tomcat-9.0.8/webapps/Untitled Folder] has finished in [17] ms
19-May-2018 11:51:11.429 INFO [ContainerBackgroundProcessor[StandardEngine[Catalina]]] org.apache.catalina.startup.HostConfig.undeploy Undeploying context [/Untitled Folder]
19-May-2018 11:51:11.445 INFO [ContainerBackgroundProcessor[StandardEngine[Catalina]]] org.apache.catalina.startup.HostConfig.deployDirectory Deploying web application directory [/home/bridgeit/Documents/apache-tomcat-9.0.8/webapps/logn]
19-May-2018 11:51:11.456 INFO [ContainerBackgroundProcessor[StandardEngine[Catalina]]] org.apache.catalina.startup.HostConfig.deployDirectory Deployment of web application directory [/home/bridgeit/Documents/apache-tomcat-9.0.8/webapps/logn] has finished in [11] ms
19-May-2018 11:55:21.993 INFO [ContainerBackgroundProcessor[StandardEngine[Catalina]]] org.apache.catalina.startup.HostConfig.undeploy Undeploying context [/logn]
19-May-2018 11:55:29.876 INFO [main] org.apache.catalina.core.StandardServer.await A valid shutdown command was received via the shutdown port. Stopping the Server instance.
19-May-2018 11:55:29.876 INFO [main] org.apache.coyote.AbstractProtocol.pause Pausing ProtocolHandler ["http-nio-8080"]
19-May-2018 11:55:29.929 INFO [main] org.apache.coyote.AbstractProtocol.pause Pausing ProtocolHandler ["ajp-nio-8009"]
19-May-2018 11:55:29.980 INFO [main] org.apache.catalina.core.StandardService.stopInternal Stopping service [Catalina]
19-May-2018 11:55:29.995 INFO [main] org.apache.coyote.AbstractProtocol.stop Stopping ProtocolHandler ["http-nio-8080"]
19-May-2018 11:55:29.998 INFO [main] org.apache.coyote.AbstractProtocol.stop Stopping ProtocolHandler ["ajp-nio-8009"]
19-May-2018 11:55:30.002 INFO [main] org.apache.coyote.AbstractProtocol.destroy Destroying ProtocolHandler ["http-nio-8080"]
19-May-2018 11:55:30.003 INFO [main] org.apache.coyote.AbstractProtocol.destroy Destroying ProtocolHandler ["ajp-nio-8009"]
19-May-2018 11:55:31.813 INFO [main] org.apache.catalina.startup.VersionLoggerListener.log Server version:        Apache Tomcat/9.0.8
19-May-2018 11:55:31.816 INFO [main] org.apache.catalina.startup.VersionLoggerListener.log Server built:          Apr 27 2018 19:32:00 UTC
19-May-2018 11:55:31.816 INFO [main] org.apache.catalina.startup.VersionLoggerListener.log Server number:         9.0.8.0
19-May-2018 11:55:31.816 INFO [main] org.apache.catalina.startup.VersionLoggerListener.log OS Name:               Linux
19-May-2018 11:55:31.816 INFO [main] org.apache.catalina.startup.VersionLoggerListener.log OS Version:            4.13.0-41-generic
19-May-2018 11:55:31.817 INFO [main] org.apache.catalina.startup.VersionLoggerListener.log Architecture:          amd64
19-May-2018 11:55:31.817 INFO [main] org.apache.catalina.startup.VersionLoggerListener.log Java Home:             /usr/lib/jvm/java-8-oracle/jre
19-May-2018 11:55:31.817 INFO [main] org.apache.catalina.startup.VersionLoggerListener.log JVM Version:           1.8.0_144-b01
19-May-2018 11:55:31.817 INFO [main] org.apache.catalina.startup.VersionLoggerListener.log JVM Vendor:            Oracle Corporation
19-May-2018 11:55:31.817 INFO [main] org.apache.catalina.startup.VersionLoggerListener.log CATALINA_BASE:         /home/bridgeit/Documents/apache-tomcat-9.0.8
19-May-2018 11:55:31.817 INFO [main] org.apache.catalina.startup.VersionLoggerListener.log CATALINA_HOME:         /home/bridgeit/Documents/apache-tomcat-9.0.8
19-May-2018 11:55:31.818 INFO [main] org.apache.catalina.startup.VersionLoggerListener.log Command line argument: -Djava.util.logging.config.file=/home/bridgeit/Documents/apache-tomcat-9.0.8/conf/logging.properties
19-May-2018 11:55:31.818 INFO [main] org.apache.catalina.startup.VersionLoggerListener.log Command line argument: -Djava.util.logging.manager=org.apache.juli.ClassLoaderLogManager
19-May-2018 11:55:31.818 INFO [main] org.apache.catalina.startup.VersionLoggerListener.log Command line argument: -Djdk.tls.ephemeralDHKeySize=2048
19-May-2018 11:55:31.818 INFO [main] org.apache.catalina.startup.VersionLoggerListener.log Command line argument: -Djava.protocol.handler.pkgs=org.apache.catalina.webresources
19-May-2018 11:55:31.818 INFO [main] org.apache.catalina.startup.VersionLoggerListener.log Command line argument: -Dorg.apache.catalina.security.SecurityListener.UMASK=0027
19-May-2018 11:55:31.818 INFO [main] org.apache.catalina.startup.VersionLoggerListener.log Command line argument: -Dignore.endorsed.dirs=
19-May-2018 11:55:31.819 INFO [main] org.apache.catalina.startup.VersionLoggerListener.log Command line argument: -Dcatalina.base=/home/bridgeit/Documents/apache-tomcat-9.0.8
19-May-2018 11:55:31.819 INFO [main] org.apache.catalina.startup.VersionLoggerListener.log Command line argument: -Dcatalina.home=/home/bridgeit/Documents/apache-tomcat-9.0.8
19-May-2018 11:55:31.819 INFO [main] org.apache.catalina.startup.VersionLoggerListener.log Command line argument: -Djava.io.tmpdir=/home/bridgeit/Documents/apache-tomcat-9.0.8/temp
19-May-2018 11:55:31.819 INFO [main] org.apache.catalina.core.AprLifecycleListener.lifecycleEvent The APR based Apache Tomcat Native library which allows optimal performance in production environments was not found on the java.library.path: [/usr/java/packages/lib/amd64:/usr/lib64:/lib64:/lib:/usr/lib]
19-May-2018 11:55:31.922 INFO [main] org.apache.coyote.AbstractProtocol.init Initializing ProtocolHandler ["http-nio-8080"]
19-May-2018 11:55:31.933 INFO [main] org.apache.tomcat.util.net.NioSelectorPool.getSharedSelector Using a shared selector for servlet write/read
19-May-2018 11:55:31.938 INFO [main] org.apache.coyote.AbstractProtocol.init Initializing ProtocolHandler ["ajp-nio-8009"]
19-May-2018 11:55:31.939 INFO [main] org.apache.tomcat.util.net.NioSelectorPool.getSharedSelector Using a shared selector for servlet write/read
19-May-2018 11:55:31.942 INFO [main] org.apache.catalina.startup.Catalina.load Initialization processed in 429 ms
19-May-2018 11:55:31.962 INFO [main] org.apache.catalina.core.StandardService.startInternal Starting service [Catalina]
19-May-2018 11:55:31.962 INFO [main] org.apache.catalina.core.StandardEngine.startInternal Starting Servlet Engine: Apache Tomcat/9.0.8
19-May-2018 11:55:31.969 INFO [main] org.apache.catalina.startup.HostConfig.deployDirectory Deploying web application directory [/home/bridgeit/Documents/apache-tomcat-9.0.8/webapps/host-manager]
19-May-2018 11:55:32.227 INFO [main] org.apache.catalina.startup.HostConfig.deployDirectory Deployment of web application directory [/home/bridgeit/Documents/apache-tomcat-9.0.8/webapps/host-manager] has finished in [257] ms
19-May-2018 11:55:32.227 INFO [main] org.apache.catalina.startup.HostConfig.deployDirectory Deploying web application directory [/home/bridgeit/Documents/apache-tomcat-9.0.8/webapps/docs]
19-May-2018 11:55:32.240 INFO [main] org.apache.catalina.startup.HostConfig.deployDirectory Deployment of web application directory [/home/bridgeit/Documents/apache-tomcat-9.0.8/webapps/docs] has finished in [12] ms
19-May-2018 11:55:32.240 INFO [main] org.apache.catalina.startup.HostConfig.deployDirectory Deploying web application directory [/home/bridgeit/Documents/apache-tomcat-9.0.8/webapps/examples]
19-May-2018 11:55:32.479 INFO [main] org.apache.catalina.startup.HostConfig.deployDirectory Deployment of web application directory [/home/bridgeit/Documents/apache-tomcat-9.0.8/webapps/examples] has finished in [239] ms
19-May-2018 11:55:32.479 INFO [main] org.apache.catalina.startup.HostConfig.deployDirectory Deploying web application directory [/home/bridgeit/Documents/apache-tomcat-9.0.8/webapps/ROOT]
19-May-2018 11:55:32.493 INFO [main] org.apache.catalina.startup.HostConfig.deployDirectory Deployment of web application directory [/home/bridgeit/Documents/apache-tomcat-9.0.8/webapps/ROOT] has finished in [14] ms
19-May-2018 11:55:32.494 INFO [main] org.apache.catalina.startup.HostConfig.deployDirectory Deploying web application directory [/home/bridgeit/Documents/apache-tomcat-9.0.8/webapps/manager]
19-May-2018 11:55:32.520 INFO [main] org.apache.catalina.startup.HostConfig.deployDirectory Deployment of web application directory [/home/bridgeit/Documents/apache-tomcat-9.0.8/webapps/manager] has finished in [27] ms
19-May-2018 11:55:32.524 INFO [main] org.apache.coyote.AbstractProtocol.start Starting ProtocolHandler ["http-nio-8080"]
19-May-2018 11:55:32.534 INFO [main] org.apache.coyote.AbstractProtocol.start Starting ProtocolHandler ["ajp-nio-8009"]
19-May-2018 11:55:32.536 INFO [main] org.apache.catalina.startup.Catalina.start Server startup in 593 ms
19-May-2018 11:56:22.532 INFO [ContainerBackgroundProcessor[StandardEngine[Catalina]]] org.apache.catalina.startup.HostConfig.deployDirectory Deploying web application directory [/home/bridgeit/Documents/apache-tomcat-9.0.8/webapps/login]
19-May-2018 11:56:22.549 INFO [ContainerBackgroundProcessor[StandardEngine[Catalina]]] org.apache.catalina.startup.HostConfig.deployDirectory Deployment of web application directory [/home/bridgeit/Documents/apache-tomcat-9.0.8/webapps/login] has finished in [17] ms
19-May-2018 11:57:13.057 INFO [ContainerBackgroundProcessor[StandardEngine[Catalina]]] org.apache.catalina.startup.HostConfig.undeploy Undeploying context [/login]
19-May-2018 12:00:13.103 INFO [ContainerBackgroundProcessor[StandardEngine[Catalina]]] org.apache.catalina.startup.HostConfig.deployWAR Deploying web application archive [/home/bridgeit/Documents/apache-tomcat-9.0.8/webapps/WebApp-01.war]
19-May-2018 12:00:13.181 INFO [ContainerBackgroundProcessor[StandardEngine[Catalina]]] org.apache.jasper.servlet.TldScanner.scanJars At least one JAR was scanned for TLDs yet contained no TLDs. Enable debug logging for this logger for a complete list of JARs that were scanned but no TLDs were found in them. Skipping unneeded JARs during scanning can improve startup time and JSP compilation time.
19-May-2018 12:00:13.184 INFO [ContainerBackgroundProcessor[StandardEngine[Catalina]]] org.apache.catalina.startup.HostConfig.deployWAR Deployment of web application archive [/home/bridgeit/Documents/apache-tomcat-9.0.8/webapps/WebApp-01.war] has finished in [81] ms
19-May-2018 12:00:16.210 INFO [main] org.apache.catalina.core.StandardServer.await A valid shutdown command was received via the shutdown port. Stopping the Server instance.
19-May-2018 12:00:16.211 INFO [main] org.apache.coyote.AbstractProtocol.pause Pausing ProtocolHandler ["http-nio-8080"]
19-May-2018 12:00:16.213 INFO [main] org.apache.coyote.AbstractProtocol.pause Pausing ProtocolHandler ["ajp-nio-8009"]
19-May-2018 12:00:16.264 INFO [main] org.apache.catalina.core.StandardService.stopInternal Stopping service [Catalina]
19-May-2018 12:00:16.290 INFO [main] org.apache.coyote.AbstractProtocol.stop Stopping ProtocolHandler ["http-nio-8080"]
19-May-2018 12:00:16.292 INFO [main] org.apache.coyote.AbstractProtocol.stop Stopping ProtocolHandler ["ajp-nio-8009"]
19-May-2018 12:00:16.293 INFO [main] org.apache.coyote.AbstractProtocol.destroy Destroying ProtocolHandler ["http-nio-8080"]
19-May-2018 12:00:16.293 INFO [main] org.apache.coyote.AbstractProtocol.destroy Destroying ProtocolHandler ["ajp-nio-8009"]
19-May-2018 12:00:18.278 INFO [main] org.apache.catalina.startup.VersionLoggerListener.log Server version:        Apache Tomcat/9.0.8
19-May-2018 12:00:18.280 INFO [main] org.apache.catalina.startup.VersionLoggerListener.log Server built:          Apr 27 2018 19:32:00 UTC
19-May-2018 12:00:18.280 INFO [main] org.apache.catalina.startup.VersionLoggerListener.log Server number:         9.0.8.0
19-May-2018 12:00:18.280 INFO [main] org.apache.catalina.startup.VersionLoggerListener.log OS Name:               Linux
19-May-2018 12:00:18.280 INFO [main] org.apache.catalina.startup.VersionLoggerListener.log OS Version:            4.13.0-41-generic
19-May-2018 12:00:18.280 INFO [main] org.apache.catalina.startup.VersionLoggerListener.log Architecture:          amd64
19-May-2018 12:00:18.280 INFO [main] org.apache.catalina.startup.VersionLoggerListener.log Java Home:             /usr/lib/jvm/java-8-oracle/jre
19-May-2018 12:00:18.280 INFO [main] org.apache.catalina.startup.VersionLoggerListener.log JVM Version:           1.8.0_144-b01
19-May-2018 12:00:18.280 INFO [main] org.apache.catalina.startup.VersionLoggerListener.log JVM Vendor:            Oracle Corporation
19-May-2018 12:00:18.280 INFO [main] org.apache.catalina.startup.VersionLoggerListener.log CATALINA_BASE:         /home/bridgeit/Documents/apache-tomcat-9.0.8
19-May-2018 12:00:18.281 INFO [main] org.apache.catalina.startup.VersionLoggerListener.log CATALINA_HOME:         /home/bridgeit/Documents/apache-tomcat-9.0.8
19-May-2018 12:00:18.281 INFO [main] org.apache.catalina.startup.VersionLoggerListener.log Command line argument: -Djava.util.logging.config.file=/home/bridgeit/Documents/apache-tomcat-9.0.8/conf/logging.properties
19-May-2018 12:00:18.281 INFO [main] org.apache.catalina.startup.VersionLoggerListener.log Command line argument: -Djava.util.logging.manager=org.apache.juli.ClassLoaderLogManager
19-May-2018 12:00:18.281 INFO [main] org.apache.catalina.startup.VersionLoggerListener.log Command line argument: -Djdk.tls.ephemeralDHKeySize=2048
19-May-2018 12:00:18.281 INFO [main] org.apache.catalina.startup.VersionLoggerListener.log Command line argument: -Djava.protocol.handler.pkgs=org.apache.catalina.webresources
19-May-2018 12:00:18.281 INFO [main] org.apache.catalina.startup.VersionLoggerListener.log Command line argument: -Dorg.apache.catalina.security.SecurityListener.UMASK=0027
19-May-2018 12:00:18.281 INFO [main] org.apache.catalina.startup.VersionLoggerListener.log Command line argument: -Dignore.endorsed.dirs=
19-May-2018 12:00:18.281 INFO [main] org.apache.catalina.startup.VersionLoggerListener.log Command line argument: -Dcatalina.base=/home/bridgeit/Documents/apache-tomcat-9.0.8
19-May-2018 12:00:18.281 INFO [main] org.apache.catalina.startup.VersionLoggerListener.log Command line argument: -Dcatalina.home=/home/bridgeit/Documents/apache-tomcat-9.0.8
19-May-2018 12:00:18.281 INFO [main] org.apache.catalina.startup.VersionLoggerListener.log Command line argument: -Djava.io.tmpdir=/home/bridgeit/Documents/apache-tomcat-9.0.8/temp
19-May-2018 12:00:18.282 INFO [main] org.apache.catalina.core.AprLifecycleListener.lifecycleEvent The APR based Apache Tomcat Native library which allows optimal performance in production environments was not found on the java.library.path: [/usr/java/packages/lib/amd64:/usr/lib64:/lib64:/lib:/usr/lib]
19-May-2018 12:00:18.386 INFO [main] org.apache.coyote.AbstractProtocol.init Initializing ProtocolHandler ["http-nio-8080"]
19-May-2018 12:00:18.396 INFO [main] org.apache.tomcat.util.net.NioSelectorPool.getSharedSelector Using a shared selector for servlet write/read
19-May-2018 12:00:18.402 INFO [main] org.apache.coyote.AbstractProtocol.init Initializing ProtocolHandler ["ajp-nio-8009"]
19-May-2018 12:00:18.403 INFO [main] org.apache.tomcat.util.net.NioSelectorPool.getSharedSelector Using a shared selector for servlet write/read
19-May-2018 12:00:18.404 INFO [main] org.apache.catalina.startup.Catalina.load Initialization processed in 436 ms
19-May-2018 12:00:18.425 INFO [main] org.apache.catalina.core.StandardService.startInternal Starting service [Catalina]
19-May-2018 12:00:18.425 INFO [main] org.apache.catalina.core.StandardEngine.startInternal Starting Servlet Engine: Apache Tomcat/9.0.8
19-May-2018 12:00:18.442 INFO [main] org.apache.catalina.startup.HostConfig.deployWAR Deploying web application archive [/home/bridgeit/Documents/apache-tomcat-9.0.8/webapps/WebApp-01.war]
19-May-2018 12:00:18.734 INFO [main] org.apache.jasper.servlet.TldScanner.scanJars At least one JAR was scanned for TLDs yet contained no TLDs. Enable debug logging for this logger for a complete list of JARs that were scanned but no TLDs were found in them. Skipping unneeded JARs during scanning can improve startup time and JSP compilation time.
19-May-2018 12:00:18.754 INFO [main] org.apache.catalina.startup.HostConfig.deployWAR Deployment of web application archive [/home/bridgeit/Documents/apache-tomcat-9.0.8/webapps/WebApp-01.war] has finished in [312] ms
19-May-2018 12:00:18.755 INFO [main] org.apache.catalina.startup.HostConfig.deployDirectory Deploying web application directory [/home/bridgeit/Documents/apache-tomcat-9.0.8/webapps/host-manager]
19-May-2018 12:00:18.778 INFO [main] org.apache.catalina.startup.HostConfig.deployDirectory Deployment of web application directory [/home/bridgeit/Documents/apache-tomcat-9.0.8/webapps/host-manager] has finished in [24] ms
19-May-2018 12:00:18.778 INFO [main] org.apache.catalina.startup.HostConfig.deployDirectory Deploying web application directory [/home/bridgeit/Documents/apache-tomcat-9.0.8/webapps/docs]
19-May-2018 12:00:18.804 INFO [main] org.apache.catalina.startup.HostConfig.deployDirectory Deployment of web application directory [/home/bridgeit/Documents/apache-tomcat-9.0.8/webapps/docs] has finished in [26] ms
19-May-2018 12:00:18.805 INFO [main] org.apache.catalina.startup.HostConfig.deployDirectory Deploying web application directory [/home/bridgeit/Documents/apache-tomcat-9.0.8/webapps/examples]
19-May-2018 12:00:18.987 INFO [main] org.apache.catalina.startup.HostConfig.deployDirectory Deployment of web application directory [/home/bridgeit/Documents/apache-tomcat-9.0.8/webapps/examples] has finished in [183] ms
19-May-2018 12:00:18.987 INFO [main] org.apache.catalina.startup.HostConfig.deployDirectory Deploying web application directory [/home/bridgeit/Documents/apache-tomcat-9.0.8/webapps/ROOT]
19-May-2018 12:00:18.999 INFO [main] org.apache.catalina.startup.HostConfig.deployDirectory Deployment of web application directory [/home/bridgeit/Documents/apache-tomcat-9.0.8/webapps/ROOT] has finished in [12] ms
19-May-2018 12:00:18.999 INFO [main] org.apache.catalina.startup.HostConfig.deployDirectory Deploying web application directory [/home/bridgeit/Documents/apache-tomcat-9.0.8/webapps/manager]
19-May-2018 12:00:19.014 INFO [main] org.apache.catalina.startup.HostConfig.deployDirectory Deployment of web application directory [/home/bridgeit/Documents/apache-tomcat-9.0.8/webapps/manager] has finished in [15] ms
19-May-2018 12:00:19.017 INFO [main] org.apache.coyote.AbstractProtocol.start Starting ProtocolHandler ["http-nio-8080"]
19-May-2018 12:00:19.023 INFO [main] org.apache.coyote.AbstractProtocol.start Starting ProtocolHandler ["ajp-nio-8009"]
19-May-2018 12:00:19.024 INFO [main] org.apache.catalina.startup.Catalina.start Server startup in 619 ms
19-May-2018 12:00:32.116 INFO [main] org.apache.catalina.startup.VersionLoggerListener.log Server version:        Apache Tomcat/9.0.8
19-May-2018 12:00:32.118 INFO [main] org.apache.catalina.startup.VersionLoggerListener.log Server built:          Apr 27 2018 19:32:00 UTC
19-May-2018 12:00:32.118 INFO [main] org.apache.catalina.startup.VersionLoggerListener.log Server number:         9.0.8.0
19-May-2018 12:00:32.118 INFO [main] org.apache.catalina.startup.VersionLoggerListener.log OS Name:               Linux
19-May-2018 12:00:32.119 INFO [main] org.apache.catalina.startup.VersionLoggerListener.log OS Version:            4.13.0-41-generic
19-May-2018 12:00:32.119 INFO [main] org.apache.catalina.startup.VersionLoggerListener.log Architecture:          amd64
19-May-2018 12:00:32.119 INFO [main] org.apache.catalina.startup.VersionLoggerListener.log Java Home:             /usr/lib/jvm/java-8-oracle/jre
19-May-2018 12:00:32.119 INFO [main] org.apache.catalina.startup.VersionLoggerListener.log JVM Version:           1.8.0_144-b01
19-May-2018 12:00:32.119 INFO [main] org.apache.catalina.startup.VersionLoggerListener.log JVM Vendor:            Oracle Corporation
19-May-2018 12:00:32.119 INFO [main] org.apache.catalina.startup.VersionLoggerListener.log CATALINA_BASE:         /home/bridgeit/Documents/apache-tomcat-9.0.8
19-May-2018 12:00:32.119 INFO [main] org.apache.catalina.startup.VersionLoggerListener.log CATALINA_HOME:         /home/bridgeit/Documents/apache-tomcat-9.0.8
19-May-2018 12:00:32.120 INFO [main] org.apache.catalina.startup.VersionLoggerListener.log Command line argument: -Djava.util.logging.config.file=/home/bridgeit/Documents/apache-tomcat-9.0.8/conf/logging.properties
19-May-2018 12:00:32.120 INFO [main] org.apache.catalina.startup.VersionLoggerListener.log Command line argument: -Djava.util.logging.manager=org.apache.juli.ClassLoaderLogManager
19-May-2018 12:00:32.120 INFO [main] org.apache.catalina.startup.VersionLoggerListener.log Command line argument: -Djdk.tls.ephemeralDHKeySize=2048
19-May-2018 12:00:32.120 INFO [main] org.apache.catalina.startup.VersionLoggerListener.log Command line argument: -Djava.protocol.handler.pkgs=org.apache.catalina.webresources
19-May-2018 12:00:32.120 INFO [main] org.apache.catalina.startup.VersionLoggerListener.log Command line argument: -Dorg.apache.catalina.security.SecurityListener.UMASK=0027
19-May-2018 12:00:32.121 INFO [main] org.apache.catalina.startup.VersionLoggerListener.log Command line argument: -Dignore.endorsed.dirs=
19-May-2018 12:00:32.121 INFO [main] org.apache.catalina.startup.VersionLoggerListener.log Command line argument: -Dcatalina.base=/home/bridgeit/Documents/apache-tomcat-9.0.8
19-May-2018 12:00:32.121 INFO [main] org.apache.catalina.startup.VersionLoggerListener.log Command line argument: -Dcatalina.home=/home/bridgeit/Documents/apache-tomcat-9.0.8
19-May-2018 12:00:32.121 INFO [main] org.apache.catalina.startup.VersionLoggerListener.log Command line argument: -Djava.io.tmpdir=/home/bridgeit/Documents/apache-tomcat-9.0.8/temp
19-May-2018 12:00:32.121 INFO [main] org.apache.catalina.core.AprLifecycleListener.lifecycleEvent The APR based Apache Tomcat Native library which allows optimal performance in production environments was not found on the java.library.path: [/usr/java/packages/lib/amd64:/usr/lib64:/lib64:/lib:/usr/lib]
19-May-2018 12:00:32.223 INFO [main] org.apache.coyote.AbstractProtocol.init Initializing ProtocolHandler ["http-nio-8080"]
19-May-2018 12:00:32.232 SEVERE [main] org.apache.catalina.util.LifecycleBase.handleSubClassException Failed to initialize component [Connector[HTTP/1.1-8080]]
 org.apache.catalina.LifecycleException: Protocol handler initialization failed
	at org.apache.catalina.connector.Connector.initInternal(Connector.java:935)
	at org.apache.catalina.util.LifecycleBase.init(LifecycleBase.java:136)
	at org.apache.catalina.core.StandardService.initInternal(StandardService.java:530)
	at org.apache.catalina.util.LifecycleBase.init(LifecycleBase.java:136)
	at org.apache.catalina.core.StandardServer.initInternal(StandardServer.java:852)
	at org.apache.catalina.util.LifecycleBase.init(LifecycleBase.java:136)
	at org.apache.catalina.startup.Catalina.load(Catalina.java:633)
	at org.apache.catalina.startup.Catalina.load(Catalina.java:656)
	at sun.reflect.NativeMethodAccessorImpl.invoke0(Native Method)
	at sun.reflect.NativeMethodAccessorImpl.invoke(NativeMethodAccessorImpl.java:62)
	at sun.reflect.DelegatingMethodAccessorImpl.invoke(DelegatingMethodAccessorImpl.java:43)
	at java.lang.reflect.Method.invoke(Method.java:498)
	at org.apache.catalina.startup.Bootstrap.load(Bootstrap.java:306)
	at org.apache.catalina.startup.Bootstrap.main(Bootstrap.java:491)
Caused by: java.net.BindException: Address already in use
	at sun.nio.ch.Net.bind0(Native Method)
	at sun.nio.ch.Net.bind(Net.java:433)
	at sun.nio.ch.Net.bind(Net.java:425)
	at sun.nio.ch.ServerSocketChannelImpl.bind(ServerSocketChannelImpl.java:223)
	at sun.nio.ch.ServerSocketAdaptor.bind(ServerSocketAdaptor.java:74)
	at org.apache.tomcat.util.net.NioEndpoint.initServerSocket(NioEndpoint.java:227)
	at org.apache.tomcat.util.net.NioEndpoint.bind(NioEndpoint.java:202)
	at org.apache.tomcat.util.net.AbstractEndpoint.init(AbstractEndpoint.java:1043)
	at org.apache.coyote.AbstractProtocol.init(AbstractProtocol.java:540)
	at org.apache.coyote.http11.AbstractHttp11Protocol.init(AbstractHttp11Protocol.java:74)
	at org.apache.catalina.connector.Connector.initInternal(Connector.java:932)
	... 13 more

19-May-2018 12:00:32.233 INFO [main] org.apache.coyote.AbstractProtocol.init Initializing ProtocolHandler ["ajp-nio-8009"]
19-May-2018 12:00:32.234 SEVERE [main] org.apache.catalina.util.LifecycleBase.handleSubClassException Failed to initialize component [Connector[AJP/1.3-8009]]
 org.apache.catalina.LifecycleException: Protocol handler initialization failed
	at org.apache.catalina.connector.Connector.initInternal(Connector.java:935)
	at org.apache.catalina.util.LifecycleBase.init(LifecycleBase.java:136)
	at org.apache.catalina.core.StandardService.initInternal(StandardService.java:530)
	at org.apache.catalina.util.LifecycleBase.init(LifecycleBase.java:136)
	at org.apache.catalina.core.StandardServer.initInternal(StandardServer.java:852)
	at org.apache.catalina.util.LifecycleBase.init(LifecycleBase.java:136)
	at org.apache.catalina.startup.Catalina.load(Catalina.java:633)
	at org.apache.catalina.startup.Catalina.load(Catalina.java:656)
	at sun.reflect.NativeMethodAccessorImpl.invoke0(Native Method)
	at sun.reflect.NativeMethodAccessorImpl.invoke(NativeMethodAccessorImpl.java:62)
	at sun.reflect.DelegatingMethodAccessorImpl.invoke(DelegatingMethodAccessorImpl.java:43)
	at java.lang.reflect.Method.invoke(Method.java:498)
	at org.apache.catalina.startup.Bootstrap.load(Bootstrap.java:306)
	at org.apache.catalina.startup.Bootstrap.main(Bootstrap.java:491)
Caused by: java.net.BindException: Address already in use
	at sun.nio.ch.Net.bind0(Native Method)
	at sun.nio.ch.Net.bind(Net.java:433)
	at sun.nio.ch.Net.bind(Net.java:425)
	at sun.nio.ch.ServerSocketChannelImpl.bind(ServerSocketChannelImpl.java:223)
	at sun.nio.ch.ServerSocketAdaptor.bind(ServerSocketAdaptor.java:74)
	at org.apache.tomcat.util.net.NioEndpoint.initServerSocket(NioEndpoint.java:227)
	at org.apache.tomcat.util.net.NioEndpoint.bind(NioEndpoint.java:202)
	at org.apache.tomcat.util.net.AbstractEndpoint.init(AbstractEndpoint.java:1043)
	at org.apache.coyote.AbstractProtocol.init(AbstractProtocol.java:540)
	at org.apache.catalina.connector.Connector.initInternal(Connector.java:932)
	... 13 more

19-May-2018 12:00:32.235 INFO [main] org.apache.catalina.startup.Catalina.load Initialization processed in 421 ms
19-May-2018 12:00:32.254 INFO [main] org.apache.catalina.core.StandardService.startInternal Starting service [Catalina]
19-May-2018 12:00:32.254 INFO [main] org.apache.catalina.core.StandardEngine.startInternal Starting Servlet Engine: Apache Tomcat/9.0.8
19-May-2018 12:00:32.271 INFO [main] org.apache.catalina.startup.HostConfig.deployWAR Deploying web application archive [/home/bridgeit/Documents/apache-tomcat-9.0.8/webapps/WebApp-01.war]
19-May-2018 12:00:32.562 INFO [main] org.apache.jasper.servlet.TldScanner.scanJars At least one JAR was scanned for TLDs yet contained no TLDs. Enable debug logging for this logger for a complete list of JARs that were scanned but no TLDs were found in them. Skipping unneeded JARs during scanning can improve startup time and JSP compilation time.
19-May-2018 12:00:32.582 INFO [main] org.apache.catalina.startup.HostConfig.deployWAR Deployment of web application archive [/home/bridgeit/Documents/apache-tomcat-9.0.8/webapps/WebApp-01.war] has finished in [310] ms
19-May-2018 12:00:32.582 INFO [main] org.apache.catalina.startup.HostConfig.deployDirectory Deploying web application directory [/home/bridgeit/Documents/apache-tomcat-9.0.8/webapps/host-manager]
19-May-2018 12:00:32.613 INFO [main] org.apache.catalina.startup.HostConfig.deployDirectory Deployment of web application directory [/home/bridgeit/Documents/apache-tomcat-9.0.8/webapps/host-manager] has finished in [31] ms
19-May-2018 12:00:32.614 INFO [main] org.apache.catalina.startup.HostConfig.deployDirectory Deploying web application directory [/home/bridgeit/Documents/apache-tomcat-9.0.8/webapps/docs]
19-May-2018 12:00:32.631 INFO [main] org.apache.catalina.startup.HostConfig.deployDirectory Deployment of web application directory [/home/bridgeit/Documents/apache-tomcat-9.0.8/webapps/docs] has finished in [17] ms
19-May-2018 12:00:32.631 INFO [main] org.apache.catalina.startup.HostConfig.deployDirectory Deploying web application directory [/home/bridgeit/Documents/apache-tomcat-9.0.8/webapps/examples]
19-May-2018 12:00:32.844 INFO [main] org.apache.catalina.startup.HostConfig.deployDirectory Deployment of web application directory [/home/bridgeit/Documents/apache-tomcat-9.0.8/webapps/examples] has finished in [213] ms
19-May-2018 12:00:32.845 INFO [main] org.apache.catalina.startup.HostConfig.deployDirectory Deploying web application directory [/home/bridgeit/Documents/apache-tomcat-9.0.8/webapps/ROOT]
19-May-2018 12:00:32.859 INFO [main] org.apache.catalina.startup.HostConfig.deployDirectory Deployment of web application directory [/home/bridgeit/Documents/apache-tomcat-9.0.8/webapps/ROOT] has finished in [13] ms
19-May-2018 12:00:32.859 INFO [main] org.apache.catalina.startup.HostConfig.deployDirectory Deploying web application directory [/home/bridgeit/Documents/apache-tomcat-9.0.8/webapps/manager]
19-May-2018 12:00:32.873 INFO [main] org.apache.catalina.startup.HostConfig.deployDirectory Deployment of web application directory [/home/bridgeit/Documents/apache-tomcat-9.0.8/webapps/manager] has finished in [14] ms
19-May-2018 12:00:32.876 INFO [main] org.apache.catalina.startup.Catalina.start Server startup in 640 ms
19-May-2018 12:00:32.877 SEVERE [main] org.apache.catalina.core.StandardServer.await StandardServer.await: create[localhost:8005]: 
 java.net.BindException: Address already in use (Bind failed)
	at java.net.PlainSocketImpl.socketBind(Native Method)
	at java.net.AbstractPlainSocketImpl.bind(AbstractPlainSocketImpl.java:387)
	at java.net.ServerSocket.bind(ServerSocket.java:375)
	at java.net.ServerSocket.<init>(ServerSocket.java:237)
	at org.apache.catalina.core.StandardServer.await(StandardServer.java:422)
	at org.apache.catalina.startup.Catalina.await(Catalina.java:770)
	at org.apache.catalina.startup.Catalina.start(Catalina.java:716)
	at sun.reflect.NativeMethodAccessorImpl.invoke0(Native Method)
	at sun.reflect.NativeMethodAccessorImpl.invoke(NativeMethodAccessorImpl.java:62)
	at sun.reflect.DelegatingMethodAccessorImpl.invoke(DelegatingMethodAccessorImpl.java:43)
	at java.lang.reflect.Method.invoke(Method.java:498)
	at org.apache.catalina.startup.Bootstrap.start(Bootstrap.java:350)
	at org.apache.catalina.startup.Bootstrap.main(Bootstrap.java:492)

19-May-2018 12:00:32.877 INFO [main] org.apache.coyote.AbstractProtocol.pause Pausing ProtocolHandler ["http-nio-8080"]
19-May-2018 12:00:32.877 INFO [main] org.apache.coyote.AbstractProtocol.pause Pausing ProtocolHandler ["ajp-nio-8009"]
19-May-2018 12:00:32.877 INFO [main] org.apache.catalina.core.StandardService.stopInternal Stopping service [Catalina]
19-May-2018 12:00:32.895 INFO [main] org.apache.coyote.AbstractProtocol.stop Stopping ProtocolHandler ["http-nio-8080"]
19-May-2018 12:00:32.895 INFO [main] org.apache.coyote.AbstractProtocol.destroy Destroying ProtocolHandler ["http-nio-8080"]
19-May-2018 12:00:32.895 INFO [main] org.apache.coyote.AbstractProtocol.stop Stopping ProtocolHandler ["ajp-nio-8009"]
19-May-2018 12:00:32.895 INFO [main] org.apache.coyote.AbstractProtocol.destroy Destroying ProtocolHandler ["ajp-nio-8009"]
Inside Try block
wrong credentials please try again
19-May-2018 14:40:04.641 INFO [main] org.apache.catalina.startup.VersionLoggerListener.log Server version:        Apache Tomcat/9.0.8
19-May-2018 14:40:04.644 INFO [main] org.apache.catalina.startup.VersionLoggerListener.log Server built:          Apr 27 2018 19:32:00 UTC
19-May-2018 14:40:04.644 INFO [main] org.apache.catalina.startup.VersionLoggerListener.log Server number:         9.0.8.0
19-May-2018 14:40:04.644 INFO [main] org.apache.catalina.startup.VersionLoggerListener.log OS Name:               Linux
19-May-2018 14:40:04.644 INFO [main] org.apache.catalina.startup.VersionLoggerListener.log OS Version:            4.13.0-41-generic
19-May-2018 14:40:04.644 INFO [main] org.apache.catalina.startup.VersionLoggerListener.log Architecture:          amd64
19-May-2018 14:40:04.644 INFO [main] org.apache.catalina.startup.VersionLoggerListener.log Java Home:             /usr/lib/jvm/java-8-oracle/jre
19-May-2018 14:40:04.645 INFO [main] org.apache.catalina.startup.VersionLoggerListener.log JVM Version:           1.8.0_144-b01
19-May-2018 14:40:04.645 INFO [main] org.apache.catalina.startup.VersionLoggerListener.log JVM Vendor:            Oracle Corporation
19-May-2018 14:40:04.645 INFO [main] org.apache.catalina.startup.VersionLoggerListener.log CATALINA_BASE:         /home/bridgeit/Documents/apache-tomcat-9.0.8
19-May-2018 14:40:04.645 INFO [main] org.apache.catalina.startup.VersionLoggerListener.log CATALINA_HOME:         /home/bridgeit/Documents/apache-tomcat-9.0.8
19-May-2018 14:40:04.645 INFO [main] org.apache.catalina.startup.VersionLoggerListener.log Command line argument: -Djava.util.logging.config.file=/home/bridgeit/Documents/apache-tomcat-9.0.8/conf/logging.properties
19-May-2018 14:40:04.645 INFO [main] org.apache.catalina.startup.VersionLoggerListener.log Command line argument: -Djava.util.logging.manager=org.apache.juli.ClassLoaderLogManager
19-May-2018 14:40:04.645 INFO [main] org.apache.catalina.startup.VersionLoggerListener.log Command line argument: -Djdk.tls.ephemeralDHKeySize=2048
19-May-2018 14:40:04.645 INFO [main] org.apache.catalina.startup.VersionLoggerListener.log Command line argument: -Djava.protocol.handler.pkgs=org.apache.catalina.webresources
19-May-2018 14:40:04.645 INFO [main] org.apache.catalina.startup.VersionLoggerListener.log Command line argument: -Dorg.apache.catalina.security.SecurityListener.UMASK=0027
19-May-2018 14:40:04.646 INFO [main] org.apache.catalina.startup.VersionLoggerListener.log Command line argument: -Dignore.endorsed.dirs=
19-May-2018 14:40:04.646 INFO [main] org.apache.catalina.startup.VersionLoggerListener.log Command line argument: -Dcatalina.base=/home/bridgeit/Documents/apache-tomcat-9.0.8
19-May-2018 14:40:04.646 INFO [main] org.apache.catalina.startup.VersionLoggerListener.log Command line argument: -Dcatalina.home=/home/bridgeit/Documents/apache-tomcat-9.0.8
19-May-2018 14:40:04.646 INFO [main] org.apache.catalina.startup.VersionLoggerListener.log Command line argument: -Djava.io.tmpdir=/home/bridgeit/Documents/apache-tomcat-9.0.8/temp
19-May-2018 14:40:04.646 INFO [main] org.apache.catalina.core.AprLifecycleListener.lifecycleEvent The APR based Apache Tomcat Native library which allows optimal performance in production environments was not found on the java.library.path: [/usr/java/packages/lib/amd64:/usr/lib64:/lib64:/lib:/usr/lib]
19-May-2018 14:40:04.749 INFO [main] org.apache.coyote.AbstractProtocol.init Initializing ProtocolHandler ["http-nio-8080"]
19-May-2018 14:40:04.759 SEVERE [main] org.apache.catalina.util.LifecycleBase.handleSubClassException Failed to initialize component [Connector[HTTP/1.1-8080]]
 org.apache.catalina.LifecycleException: Protocol handler initialization failed
	at org.apache.catalina.connector.Connector.initInternal(Connector.java:935)
	at org.apache.catalina.util.LifecycleBase.init(LifecycleBase.java:136)
	at org.apache.catalina.core.StandardService.initInternal(StandardService.java:530)
	at org.apache.catalina.util.LifecycleBase.init(LifecycleBase.java:136)
	at org.apache.catalina.core.StandardServer.initInternal(StandardServer.java:852)
	at org.apache.catalina.util.LifecycleBase.init(LifecycleBase.java:136)
	at org.apache.catalina.startup.Catalina.load(Catalina.java:633)
	at org.apache.catalina.startup.Catalina.load(Catalina.java:656)
	at sun.reflect.NativeMethodAccessorImpl.invoke0(Native Method)
	at sun.reflect.NativeMethodAccessorImpl.invoke(NativeMethodAccessorImpl.java:62)
	at sun.reflect.DelegatingMethodAccessorImpl.invoke(DelegatingMethodAccessorImpl.java:43)
	at java.lang.reflect.Method.invoke(Method.java:498)
	at org.apache.catalina.startup.Bootstrap.load(Bootstrap.java:306)
	at org.apache.catalina.startup.Bootstrap.main(Bootstrap.java:491)
Caused by: java.net.BindException: Address already in use
	at sun.nio.ch.Net.bind0(Native Method)
	at sun.nio.ch.Net.bind(Net.java:433)
	at sun.nio.ch.Net.bind(Net.java:425)
	at sun.nio.ch.ServerSocketChannelImpl.bind(ServerSocketChannelImpl.java:223)
	at sun.nio.ch.ServerSocketAdaptor.bind(ServerSocketAdaptor.java:74)
	at org.apache.tomcat.util.net.NioEndpoint.initServerSocket(NioEndpoint.java:227)
	at org.apache.tomcat.util.net.NioEndpoint.bind(NioEndpoint.java:202)
	at org.apache.tomcat.util.net.AbstractEndpoint.init(AbstractEndpoint.java:1043)
	at org.apache.coyote.AbstractProtocol.init(AbstractProtocol.java:540)
	at org.apache.coyote.http11.AbstractHttp11Protocol.init(AbstractHttp11Protocol.java:74)
	at org.apache.catalina.connector.Connector.initInternal(Connector.java:932)
	... 13 more

19-May-2018 14:40:04.760 INFO [main] org.apache.coyote.AbstractProtocol.init Initializing ProtocolHandler ["ajp-nio-8009"]
19-May-2018 14:40:04.761 SEVERE [main] org.apache.catalina.util.LifecycleBase.handleSubClassException Failed to initialize component [Connector[AJP/1.3-8009]]
 org.apache.catalina.LifecycleException: Protocol handler initialization failed
	at org.apache.catalina.connector.Connector.initInternal(Connector.java:935)
	at org.apache.catalina.util.LifecycleBase.init(LifecycleBase.java:136)
	at org.apache.catalina.core.StandardService.initInternal(StandardService.java:530)
	at org.apache.catalina.util.LifecycleBase.init(LifecycleBase.java:136)
	at org.apache.catalina.core.StandardServer.initInternal(StandardServer.java:852)
	at org.apache.catalina.util.LifecycleBase.init(LifecycleBase.java:136)
	at org.apache.catalina.startup.Catalina.load(Catalina.java:633)
	at org.apache.catalina.startup.Catalina.load(Catalina.java:656)
	at sun.reflect.NativeMethodAccessorImpl.invoke0(Native Method)
	at sun.reflect.NativeMethodAccessorImpl.invoke(NativeMethodAccessorImpl.java:62)
	at sun.reflect.DelegatingMethodAccessorImpl.invoke(DelegatingMethodAccessorImpl.java:43)
	at java.lang.reflect.Method.invoke(Method.java:498)
	at org.apache.catalina.startup.Bootstrap.load(Bootstrap.java:306)
	at org.apache.catalina.startup.Bootstrap.main(Bootstrap.java:491)
Caused by: java.net.BindException: Address already in use
	at sun.nio.ch.Net.bind0(Native Method)
	at sun.nio.ch.Net.bind(Net.java:433)
	at sun.nio.ch.Net.bind(Net.java:425)
	at sun.nio.ch.ServerSocketChannelImpl.bind(ServerSocketChannelImpl.java:223)
	at sun.nio.ch.ServerSocketAdaptor.bind(ServerSocketAdaptor.java:74)
	at org.apache.tomcat.util.net.NioEndpoint.initServerSocket(NioEndpoint.java:227)
	at org.apache.tomcat.util.net.NioEndpoint.bind(NioEndpoint.java:202)
	at org.apache.tomcat.util.net.AbstractEndpoint.init(AbstractEndpoint.java:1043)
	at org.apache.coyote.AbstractProtocol.init(AbstractProtocol.java:540)
	at org.apache.catalina.connector.Connector.initInternal(Connector.java:932)
	... 13 more

19-May-2018 14:40:04.761 INFO [main] org.apache.catalina.startup.Catalina.load Initialization processed in 428 ms
19-May-2018 14:40:04.783 INFO [main] org.apache.catalina.core.StandardService.startInternal Starting service [Catalina]
19-May-2018 14:40:04.783 INFO [main] org.apache.catalina.core.StandardEngine.startInternal Starting Servlet Engine: Apache Tomcat/9.0.8
19-May-2018 14:40:04.800 INFO [main] org.apache.catalina.startup.HostConfig.deployWAR Deploying web application archive [/home/bridgeit/Documents/apache-tomcat-9.0.8/webapps/WebApp-01.war]
19-May-2018 14:40:05.085 INFO [main] org.apache.jasper.servlet.TldScanner.scanJars At least one JAR was scanned for TLDs yet contained no TLDs. Enable debug logging for this logger for a complete list of JARs that were scanned but no TLDs were found in them. Skipping unneeded JARs during scanning can improve startup time and JSP compilation time.
19-May-2018 14:40:05.104 INFO [main] org.apache.catalina.startup.HostConfig.deployWAR Deployment of web application archive [/home/bridgeit/Documents/apache-tomcat-9.0.8/webapps/WebApp-01.war] has finished in [303] ms
19-May-2018 14:40:05.104 INFO [main] org.apache.catalina.startup.HostConfig.deployDirectory Deploying web application directory [/home/bridgeit/Documents/apache-tomcat-9.0.8/webapps/host-manager]
19-May-2018 14:40:05.127 INFO [main] org.apache.catalina.startup.HostConfig.deployDirectory Deployment of web application directory [/home/bridgeit/Documents/apache-tomcat-9.0.8/webapps/host-manager] has finished in [23] ms
19-May-2018 14:40:05.127 INFO [main] org.apache.catalina.startup.HostConfig.deployDirectory Deploying web application directory [/home/bridgeit/Documents/apache-tomcat-9.0.8/webapps/docs]
19-May-2018 14:40:05.139 INFO [main] org.apache.catalina.startup.HostConfig.deployDirectory Deployment of web application directory [/home/bridgeit/Documents/apache-tomcat-9.0.8/webapps/docs] has finished in [12] ms
19-May-2018 14:40:05.140 INFO [main] org.apache.catalina.startup.HostConfig.deployDirectory Deploying web application directory [/home/bridgeit/Documents/apache-tomcat-9.0.8/webapps/examples]
19-May-2018 14:40:05.317 INFO [main] org.apache.catalina.startup.HostConfig.deployDirectory Deployment of web application directory [/home/bridgeit/Documents/apache-tomcat-9.0.8/webapps/examples] has finished in [177] ms
19-May-2018 14:40:05.317 INFO [main] org.apache.catalina.startup.HostConfig.deployDirectory Deploying web application directory [/home/bridgeit/Documents/apache-tomcat-9.0.8/webapps/ROOT]
19-May-2018 14:40:05.328 INFO [main] org.apache.catalina.startup.HostConfig.deployDirectory Deployment of web application directory [/home/bridgeit/Documents/apache-tomcat-9.0.8/webapps/ROOT] has finished in [11] ms
19-May-2018 14:40:05.328 INFO [main] org.apache.catalina.startup.HostConfig.deployDirectory Deploying web application directory [/home/bridgeit/Documents/apache-tomcat-9.0.8/webapps/manager]
19-May-2018 14:40:05.344 INFO [main] org.apache.catalina.startup.HostConfig.deployDirectory Deployment of web application directory [/home/bridgeit/Documents/apache-tomcat-9.0.8/webapps/manager] has finished in [16] ms
19-May-2018 14:40:05.346 INFO [main] org.apache.catalina.startup.Catalina.start Server startup in 584 ms
19-May-2018 14:40:05.348 SEVERE [main] org.apache.catalina.core.StandardServer.await StandardServer.await: create[localhost:8005]: 
 java.net.BindException: Address already in use (Bind failed)
	at java.net.PlainSocketImpl.socketBind(Native Method)
	at java.net.AbstractPlainSocketImpl.bind(AbstractPlainSocketImpl.java:387)
	at java.net.ServerSocket.bind(ServerSocket.java:375)
	at java.net.ServerSocket.<init>(ServerSocket.java:237)
	at org.apache.catalina.core.StandardServer.await(StandardServer.java:422)
	at org.apache.catalina.startup.Catalina.await(Catalina.java:770)
	at org.apache.catalina.startup.Catalina.start(Catalina.java:716)
	at sun.reflect.NativeMethodAccessorImpl.invoke0(Native Method)
	at sun.reflect.NativeMethodAccessorImpl.invoke(NativeMethodAccessorImpl.java:62)
	at sun.reflect.DelegatingMethodAccessorImpl.invoke(DelegatingMethodAccessorImpl.java:43)
	at java.lang.reflect.Method.invoke(Method.java:498)
	at org.apache.catalina.startup.Bootstrap.start(Bootstrap.java:350)
	at org.apache.catalina.startup.Bootstrap.main(Bootstrap.java:492)

19-May-2018 14:40:05.348 INFO [main] org.apache.coyote.AbstractProtocol.pause Pausing ProtocolHandler ["http-nio-8080"]
19-May-2018 14:40:05.348 INFO [main] org.apache.coyote.AbstractProtocol.pause Pausing ProtocolHandler ["ajp-nio-8009"]
19-May-2018 14:40:05.348 INFO [main] org.apache.catalina.core.StandardService.stopInternal Stopping service [Catalina]
19-May-2018 14:40:05.367 INFO [main] org.apache.coyote.AbstractProtocol.stop Stopping ProtocolHandler ["http-nio-8080"]
19-May-2018 14:40:05.367 INFO [main] org.apache.coyote.AbstractProtocol.destroy Destroying ProtocolHandler ["http-nio-8080"]
19-May-2018 14:40:05.367 INFO [main] org.apache.coyote.AbstractProtocol.stop Stopping ProtocolHandler ["ajp-nio-8009"]
19-May-2018 14:40:05.367 INFO [main] org.apache.coyote.AbstractProtocol.destroy Destroying ProtocolHandler ["ajp-nio-8009"]
Inside Try block
wrong credentials please try again
Inside Try block
wrong credentials please try again
19-May-2018 14:46:35.923 INFO [main] org.apache.catalina.core.StandardServer.await A valid shutdown command was received via the shutdown port. Stopping the Server instance.
19-May-2018 14:46:35.924 INFO [main] org.apache.coyote.AbstractProtocol.pause Pausing ProtocolHandler ["http-nio-8080"]
19-May-2018 14:46:35.975 INFO [main] org.apache.coyote.AbstractProtocol.pause Pausing ProtocolHandler ["ajp-nio-8009"]
19-May-2018 14:46:36.026 INFO [main] org.apache.catalina.core.StandardService.stopInternal Stopping service [Catalina]
19-May-2018 14:46:36.052 WARNING [main] org.apache.catalina.loader.WebappClassLoaderBase.clearReferencesJdbc The web application [WebApp-01] registered the JDBC driver [com.mysql.jdbc.Driver] but failed to unregister it when the web application was stopped. To prevent a memory leak, the JDBC Driver has been forcibly unregistered.
19-May-2018 14:46:36.053 WARNING [main] org.apache.catalina.loader.WebappClassLoaderBase.clearReferencesThreads The web application [WebApp-01] appears to have started a thread named [MySQL Statement Cancellation Timer] but has failed to stop it. This is very likely to create a memory leak. Stack trace of thread:
 java.lang.Object.wait(Native Method)
 java.lang.Object.wait(Object.java:502)
 java.util.TimerThread.mainLoop(Timer.java:526)
 java.util.TimerThread.run(Timer.java:505)
19-May-2018 14:46:36.057 INFO [main] org.apache.coyote.AbstractProtocol.stop Stopping ProtocolHandler ["http-nio-8080"]
19-May-2018 14:46:36.058 INFO [main] org.apache.coyote.AbstractProtocol.stop Stopping ProtocolHandler ["ajp-nio-8009"]
19-May-2018 14:46:36.059 INFO [main] org.apache.coyote.AbstractProtocol.destroy Destroying ProtocolHandler ["http-nio-8080"]
19-May-2018 14:46:36.060 INFO [main] org.apache.coyote.AbstractProtocol.destroy Destroying ProtocolHandler ["ajp-nio-8009"]
21-May-2018 15:43:48.141 INFO [main] org.apache.catalina.startup.VersionLoggerListener.log Server version:        Apache Tomcat/9.0.8
21-May-2018 15:43:48.216 INFO [main] org.apache.catalina.startup.VersionLoggerListener.log Server built:          Apr 27 2018 19:32:00 UTC
21-May-2018 15:43:48.216 INFO [main] org.apache.catalina.startup.VersionLoggerListener.log Server number:         9.0.8.0
21-May-2018 15:43:48.217 INFO [main] org.apache.catalina.startup.VersionLoggerListener.log OS Name:               Linux
21-May-2018 15:43:48.217 INFO [main] org.apache.catalina.startup.VersionLoggerListener.log OS Version:            4.13.0-41-generic
21-May-2018 15:43:48.217 INFO [main] org.apache.catalina.startup.VersionLoggerListener.log Architecture:          amd64
21-May-2018 15:43:48.217 INFO [main] org.apache.catalina.startup.VersionLoggerListener.log Java Home:             /usr/lib/jvm/java-8-oracle/jre
21-May-2018 15:43:48.217 INFO [main] org.apache.catalina.startup.VersionLoggerListener.log JVM Version:           1.8.0_144-b01
21-May-2018 15:43:48.217 INFO [main] org.apache.catalina.startup.VersionLoggerListener.log JVM Vendor:            Oracle Corporation
21-May-2018 15:43:48.218 INFO [main] org.apache.catalina.startup.VersionLoggerListener.log CATALINA_BASE:         /home/bridgeit/Documents/apache-tomcat-9.0.8
21-May-2018 15:43:48.218 INFO [main] org.apache.catalina.startup.VersionLoggerListener.log CATALINA_HOME:         /home/bridgeit/Documents/apache-tomcat-9.0.8
21-May-2018 15:43:48.218 INFO [main] org.apache.catalina.startup.VersionLoggerListener.log Command line argument: -Djava.util.logging.config.file=/home/bridgeit/Documents/apache-tomcat-9.0.8/conf/logging.properties
21-May-2018 15:43:48.218 INFO [main] org.apache.catalina.startup.VersionLoggerListener.log Command line argument: -Djava.util.logging.manager=org.apache.juli.ClassLoaderLogManager
21-May-2018 15:43:48.219 INFO [main] org.apache.catalina.startup.VersionLoggerListener.log Command line argument: -Djdk.tls.ephemeralDHKeySize=2048
21-May-2018 15:43:48.219 INFO [main] org.apache.catalina.startup.VersionLoggerListener.log Command line argument: -Djava.protocol.handler.pkgs=org.apache.catalina.webresources
21-May-2018 15:43:48.219 INFO [main] org.apache.catalina.startup.VersionLoggerListener.log Command line argument: -Dorg.apache.catalina.security.SecurityListener.UMASK=0027
21-May-2018 15:43:48.219 INFO [main] org.apache.catalina.startup.VersionLoggerListener.log Command line argument: -Dignore.endorsed.dirs=
21-May-2018 15:43:48.219 INFO [main] org.apache.catalina.startup.VersionLoggerListener.log Command line argument: -Dcatalina.base=/home/bridgeit/Documents/apache-tomcat-9.0.8
21-May-2018 15:43:48.219 INFO [main] org.apache.catalina.startup.VersionLoggerListener.log Command line argument: -Dcatalina.home=/home/bridgeit/Documents/apache-tomcat-9.0.8
21-May-2018 15:43:48.220 INFO [main] org.apache.catalina.startup.VersionLoggerListener.log Command line argument: -Djava.io.tmpdir=/home/bridgeit/Documents/apache-tomcat-9.0.8/temp
21-May-2018 15:43:48.220 INFO [main] org.apache.catalina.core.AprLifecycleListener.lifecycleEvent The APR based Apache Tomcat Native library which allows optimal performance in production environments was not found on the java.library.path: [/usr/java/packages/lib/amd64:/usr/lib64:/lib64:/lib:/usr/lib]
21-May-2018 15:43:48.336 INFO [main] org.apache.coyote.AbstractProtocol.init Initializing ProtocolHandler ["http-nio-8080"]
21-May-2018 15:43:48.346 SEVERE [main] org.apache.catalina.util.LifecycleBase.handleSubClassException Failed to initialize component [Connector[HTTP/1.1-8080]]
 org.apache.catalina.LifecycleException: Protocol handler initialization failed
	at org.apache.catalina.connector.Connector.initInternal(Connector.java:935)
	at org.apache.catalina.util.LifecycleBase.init(LifecycleBase.java:136)
	at org.apache.catalina.core.StandardService.initInternal(StandardService.java:530)
	at org.apache.catalina.util.LifecycleBase.init(LifecycleBase.java:136)
	at org.apache.catalina.core.StandardServer.initInternal(StandardServer.java:852)
	at org.apache.catalina.util.LifecycleBase.init(LifecycleBase.java:136)
	at org.apache.catalina.startup.Catalina.load(Catalina.java:633)
	at org.apache.catalina.startup.Catalina.load(Catalina.java:656)
	at sun.reflect.NativeMethodAccessorImpl.invoke0(Native Method)
	at sun.reflect.NativeMethodAccessorImpl.invoke(NativeMethodAccessorImpl.java:62)
	at sun.reflect.DelegatingMethodAccessorImpl.invoke(DelegatingMethodAccessorImpl.java:43)
	at java.lang.reflect.Method.invoke(Method.java:498)
	at org.apache.catalina.startup.Bootstrap.load(Bootstrap.java:306)
	at org.apache.catalina.startup.Bootstrap.main(Bootstrap.java:491)
Caused by: java.net.BindException: Address already in use
	at sun.nio.ch.Net.bind0(Native Method)
	at sun.nio.ch.Net.bind(Net.java:433)
	at sun.nio.ch.Net.bind(Net.java:425)
	at sun.nio.ch.ServerSocketChannelImpl.bind(ServerSocketChannelImpl.java:223)
	at sun.nio.ch.ServerSocketAdaptor.bind(ServerSocketAdaptor.java:74)
	at org.apache.tomcat.util.net.NioEndpoint.initServerSocket(NioEndpoint.java:227)
	at org.apache.tomcat.util.net.NioEndpoint.bind(NioEndpoint.java:202)
	at org.apache.tomcat.util.net.AbstractEndpoint.init(AbstractEndpoint.java:1043)
	at org.apache.coyote.AbstractProtocol.init(AbstractProtocol.java:540)
	at org.apache.coyote.http11.AbstractHttp11Protocol.init(AbstractHttp11Protocol.java:74)
	at org.apache.catalina.connector.Connector.initInternal(Connector.java:932)
	... 13 more

21-May-2018 15:43:48.347 INFO [main] org.apache.coyote.AbstractProtocol.init Initializing ProtocolHandler ["ajp-nio-8009"]
21-May-2018 15:43:48.348 SEVERE [main] org.apache.catalina.util.LifecycleBase.handleSubClassException Failed to initialize component [Connector[AJP/1.3-8009]]
 org.apache.catalina.LifecycleException: Protocol handler initialization failed
	at org.apache.catalina.connector.Connector.initInternal(Connector.java:935)
	at org.apache.catalina.util.LifecycleBase.init(LifecycleBase.java:136)
	at org.apache.catalina.core.StandardService.initInternal(StandardService.java:530)
	at org.apache.catalina.util.LifecycleBase.init(LifecycleBase.java:136)
	at org.apache.catalina.core.StandardServer.initInternal(StandardServer.java:852)
	at org.apache.catalina.util.LifecycleBase.init(LifecycleBase.java:136)
	at org.apache.catalina.startup.Catalina.load(Catalina.java:633)
	at org.apache.catalina.startup.Catalina.load(Catalina.java:656)
	at sun.reflect.NativeMethodAccessorImpl.invoke0(Native Method)
	at sun.reflect.NativeMethodAccessorImpl.invoke(NativeMethodAccessorImpl.java:62)
	at sun.reflect.DelegatingMethodAccessorImpl.invoke(DelegatingMethodAccessorImpl.java:43)
	at java.lang.reflect.Method.invoke(Method.java:498)
	at org.apache.catalina.startup.Bootstrap.load(Bootstrap.java:306)
	at org.apache.catalina.startup.Bootstrap.main(Bootstrap.java:491)
Caused by: java.net.BindException: Address already in use
	at sun.nio.ch.Net.bind0(Native Method)
	at sun.nio.ch.Net.bind(Net.java:433)
	at sun.nio.ch.Net.bind(Net.java:425)
	at sun.nio.ch.ServerSocketChannelImpl.bind(ServerSocketChannelImpl.java:223)
	at sun.nio.ch.ServerSocketAdaptor.bind(ServerSocketAdaptor.java:74)
	at org.apache.tomcat.util.net.NioEndpoint.initServerSocket(NioEndpoint.java:227)
	at org.apache.tomcat.util.net.NioEndpoint.bind(NioEndpoint.java:202)
	at org.apache.tomcat.util.net.AbstractEndpoint.init(AbstractEndpoint.java:1043)
	at org.apache.coyote.AbstractProtocol.init(AbstractProtocol.java:540)
	at org.apache.catalina.connector.Connector.initInternal(Connector.java:932)
	... 13 more

21-May-2018 15:43:48.349 INFO [main] org.apache.catalina.startup.Catalina.load Initialization processed in 558 ms
21-May-2018 15:43:48.369 INFO [main] org.apache.catalina.core.StandardService.startInternal Starting service [Catalina]
21-May-2018 15:43:48.369 INFO [main] org.apache.catalina.core.StandardEngine.startInternal Starting Servlet Engine: Apache Tomcat/9.0.8
21-May-2018 15:43:48.409 INFO [main] org.apache.catalina.startup.HostConfig.deployWAR Deploying web application archive [/home/bridgeit/Documents/apache-tomcat-9.0.8/webapps/WebApp-01.war]
21-May-2018 15:43:48.751 INFO [main] org.apache.jasper.servlet.TldScanner.scanJars At least one JAR was scanned for TLDs yet contained no TLDs. Enable debug logging for this logger for a complete list of JARs that were scanned but no TLDs were found in them. Skipping unneeded JARs during scanning can improve startup time and JSP compilation time.
21-May-2018 15:43:48.784 INFO [main] org.apache.catalina.startup.HostConfig.deployWAR Deployment of web application archive [/home/bridgeit/Documents/apache-tomcat-9.0.8/webapps/WebApp-01.war] has finished in [375] ms
21-May-2018 15:43:48.785 INFO [main] org.apache.catalina.startup.HostConfig.deployDirectory Deploying web application directory [/home/bridgeit/Documents/apache-tomcat-9.0.8/webapps/host-manager]
21-May-2018 15:43:48.818 INFO [main] org.apache.jasper.servlet.TldScanner.scanJars At least one JAR was scanned for TLDs yet contained no TLDs. Enable debug logging for this logger for a complete list of JARs that were scanned but no TLDs were found in them. Skipping unneeded JARs during scanning can improve startup time and JSP compilation time.
21-May-2018 15:43:48.822 INFO [main] org.apache.catalina.startup.HostConfig.deployDirectory Deployment of web application directory [/home/bridgeit/Documents/apache-tomcat-9.0.8/webapps/host-manager] has finished in [37] ms
21-May-2018 15:43:48.822 INFO [main] org.apache.catalina.startup.HostConfig.deployDirectory Deploying web application directory [/home/bridgeit/Documents/apache-tomcat-9.0.8/webapps/docs]
21-May-2018 15:43:48.845 INFO [main] org.apache.jasper.servlet.TldScanner.scanJars At least one JAR was scanned for TLDs yet contained no TLDs. Enable debug logging for this logger for a complete list of JARs that were scanned but no TLDs were found in them. Skipping unneeded JARs during scanning can improve startup time and JSP compilation time.
21-May-2018 15:43:48.847 INFO [main] org.apache.catalina.startup.HostConfig.deployDirectory Deployment of web application directory [/home/bridgeit/Documents/apache-tomcat-9.0.8/webapps/docs] has finished in [25] ms
21-May-2018 15:43:48.847 INFO [main] org.apache.catalina.startup.HostConfig.deployDirectory Deploying web application directory [/home/bridgeit/Documents/apache-tomcat-9.0.8/webapps/examples]
21-May-2018 15:43:49.097 INFO [main] org.apache.jasper.servlet.TldScanner.scanJars At least one JAR was scanned for TLDs yet contained no TLDs. Enable debug logging for this logger for a complete list of JARs that were scanned but no TLDs were found in them. Skipping unneeded JARs during scanning can improve startup time and JSP compilation time.
21-May-2018 15:43:49.110 INFO [main] org.apache.catalina.startup.HostConfig.deployDirectory Deployment of web application directory [/home/bridgeit/Documents/apache-tomcat-9.0.8/webapps/examples] has finished in [263] ms
21-May-2018 15:43:49.110 INFO [main] org.apache.catalina.startup.HostConfig.deployDirectory Deploying web application directory [/home/bridgeit/Documents/apache-tomcat-9.0.8/webapps/ROOT]
21-May-2018 15:43:49.130 INFO [main] org.apache.jasper.servlet.TldScanner.scanJars At least one JAR was scanned for TLDs yet contained no TLDs. Enable debug logging for this logger for a complete list of JARs that were scanned but no TLDs were found in them. Skipping unneeded JARs during scanning can improve startup time and JSP compilation time.
21-May-2018 15:43:49.132 INFO [main] org.apache.catalina.startup.HostConfig.deployDirectory Deployment of web application directory [/home/bridgeit/Documents/apache-tomcat-9.0.8/webapps/ROOT] has finished in [22] ms
21-May-2018 15:43:49.133 INFO [main] org.apache.catalina.startup.HostConfig.deployDirectory Deploying web application directory [/home/bridgeit/Documents/apache-tomcat-9.0.8/webapps/manager]
21-May-2018 15:43:49.149 INFO [main] org.apache.jasper.servlet.TldScanner.scanJars At least one JAR was scanned for TLDs yet contained no TLDs. Enable debug logging for this logger for a complete list of JARs that were scanned but no TLDs were found in them. Skipping unneeded JARs during scanning can improve startup time and JSP compilation time.
21-May-2018 15:43:49.151 INFO [main] org.apache.catalina.startup.HostConfig.deployDirectory Deployment of web application directory [/home/bridgeit/Documents/apache-tomcat-9.0.8/webapps/manager] has finished in [19] ms
21-May-2018 15:43:49.154 INFO [main] org.apache.catalina.startup.Catalina.start Server startup in 804 ms
21-May-2018 15:43:49.155 SEVERE [main] org.apache.catalina.core.StandardServer.await StandardServer.await: create[localhost:8005]: 
 java.net.BindException: Address already in use (Bind failed)
	at java.net.PlainSocketImpl.socketBind(Native Method)
	at java.net.AbstractPlainSocketImpl.bind(AbstractPlainSocketImpl.java:387)
	at java.net.ServerSocket.bind(ServerSocket.java:375)
	at java.net.ServerSocket.<init>(ServerSocket.java:237)
	at org.apache.catalina.core.StandardServer.await(StandardServer.java:422)
	at org.apache.catalina.startup.Catalina.await(Catalina.java:770)
	at org.apache.catalina.startup.Catalina.start(Catalina.java:716)
	at sun.reflect.NativeMethodAccessorImpl.invoke0(Native Method)
	at sun.reflect.NativeMethodAccessorImpl.invoke(NativeMethodAccessorImpl.java:62)
	at sun.reflect.DelegatingMethodAccessorImpl.invoke(DelegatingMethodAccessorImpl.java:43)
	at java.lang.reflect.Method.invoke(Method.java:498)
	at org.apache.catalina.startup.Bootstrap.start(Bootstrap.java:350)
	at org.apache.catalina.startup.Bootstrap.main(Bootstrap.java:492)

21-May-2018 15:43:49.155 INFO [main] org.apache.coyote.AbstractProtocol.pause Pausing ProtocolHandler ["http-nio-8080"]
21-May-2018 15:43:49.156 INFO [main] org.apache.coyote.AbstractProtocol.pause Pausing ProtocolHandler ["ajp-nio-8009"]
21-May-2018 15:43:49.156 INFO [main] org.apache.catalina.core.StandardService.stopInternal Stopping service [Catalina]
21-May-2018 15:43:49.178 INFO [main] org.apache.coyote.AbstractProtocol.stop Stopping ProtocolHandler ["http-nio-8080"]
21-May-2018 15:43:49.178 INFO [main] org.apache.coyote.AbstractProtocol.destroy Destroying ProtocolHandler ["http-nio-8080"]
21-May-2018 15:43:49.178 INFO [main] org.apache.coyote.AbstractProtocol.stop Stopping ProtocolHandler ["ajp-nio-8009"]
21-May-2018 15:43:49.178 INFO [main] org.apache.coyote.AbstractProtocol.destroy Destroying ProtocolHandler ["ajp-nio-8009"]
21-May-2018 15:54:08.188 INFO [main] org.apache.catalina.startup.VersionLoggerListener.log Server version:        Apache Tomcat/9.0.8
21-May-2018 15:54:08.191 INFO [main] org.apache.catalina.startup.VersionLoggerListener.log Server built:          Apr 27 2018 19:32:00 UTC
21-May-2018 15:54:08.191 INFO [main] org.apache.catalina.startup.VersionLoggerListener.log Server number:         9.0.8.0
21-May-2018 15:54:08.191 INFO [main] org.apache.catalina.startup.VersionLoggerListener.log OS Name:               Linux
21-May-2018 15:54:08.191 INFO [main] org.apache.catalina.startup.VersionLoggerListener.log OS Version:            4.13.0-41-generic
21-May-2018 15:54:08.192 INFO [main] org.apache.catalina.startup.VersionLoggerListener.log Architecture:          amd64
21-May-2018 15:54:08.192 INFO [main] org.apache.catalina.startup.VersionLoggerListener.log Java Home:             /usr/lib/jvm/java-8-oracle/jre
21-May-2018 15:54:08.192 INFO [main] org.apache.catalina.startup.VersionLoggerListener.log JVM Version:           1.8.0_144-b01
21-May-2018 15:54:08.192 INFO [main] org.apache.catalina.startup.VersionLoggerListener.log JVM Vendor:            Oracle Corporation
21-May-2018 15:54:08.192 INFO [main] org.apache.catalina.startup.VersionLoggerListener.log CATALINA_BASE:         /home/bridgeit/Documents/apache-tomcat-9.0.8
21-May-2018 15:54:08.192 INFO [main] org.apache.catalina.startup.VersionLoggerListener.log CATALINA_HOME:         /home/bridgeit/Documents/apache-tomcat-9.0.8
21-May-2018 15:54:08.193 INFO [main] org.apache.catalina.startup.VersionLoggerListener.log Command line argument: -Djava.util.logging.config.file=/home/bridgeit/Documents/apache-tomcat-9.0.8/conf/logging.properties
21-May-2018 15:54:08.193 INFO [main] org.apache.catalina.startup.VersionLoggerListener.log Command line argument: -Djava.util.logging.manager=org.apache.juli.ClassLoaderLogManager
21-May-2018 15:54:08.193 INFO [main] org.apache.catalina.startup.VersionLoggerListener.log Command line argument: -Djdk.tls.ephemeralDHKeySize=2048
21-May-2018 15:54:08.193 INFO [main] org.apache.catalina.startup.VersionLoggerListener.log Command line argument: -Djava.protocol.handler.pkgs=org.apache.catalina.webresources
21-May-2018 15:54:08.193 INFO [main] org.apache.catalina.startup.VersionLoggerListener.log Command line argument: -Dorg.apache.catalina.security.SecurityListener.UMASK=0027
21-May-2018 15:54:08.194 INFO [main] org.apache.catalina.startup.VersionLoggerListener.log Command line argument: -Dignore.endorsed.dirs=
21-May-2018 15:54:08.194 INFO [main] org.apache.catalina.startup.VersionLoggerListener.log Command line argument: -Dcatalina.base=/home/bridgeit/Documents/apache-tomcat-9.0.8
21-May-2018 15:54:08.194 INFO [main] org.apache.catalina.startup.VersionLoggerListener.log Command line argument: -Dcatalina.home=/home/bridgeit/Documents/apache-tomcat-9.0.8
21-May-2018 15:54:08.194 INFO [main] org.apache.catalina.startup.VersionLoggerListener.log Command line argument: -Djava.io.tmpdir=/home/bridgeit/Documents/apache-tomcat-9.0.8/temp
21-May-2018 15:54:08.194 INFO [main] org.apache.catalina.core.AprLifecycleListener.lifecycleEvent The APR based Apache Tomcat Native library which allows optimal performance in production environments was not found on the java.library.path: [/usr/java/packages/lib/amd64:/usr/lib64:/lib64:/lib:/usr/lib]
21-May-2018 15:54:08.300 INFO [main] org.apache.coyote.AbstractProtocol.init Initializing ProtocolHandler ["http-nio-8080"]
21-May-2018 15:54:08.312 INFO [main] org.apache.tomcat.util.net.NioSelectorPool.getSharedSelector Using a shared selector for servlet write/read
21-May-2018 15:54:08.318 INFO [main] org.apache.coyote.AbstractProtocol.init Initializing ProtocolHandler ["ajp-nio-8009"]
21-May-2018 15:54:08.319 INFO [main] org.apache.tomcat.util.net.NioSelectorPool.getSharedSelector Using a shared selector for servlet write/read
21-May-2018 15:54:08.320 INFO [main] org.apache.catalina.startup.Catalina.load Initialization processed in 437 ms
21-May-2018 15:54:08.339 INFO [main] org.apache.catalina.core.StandardService.startInternal Starting service [Catalina]
21-May-2018 15:54:08.339 INFO [main] org.apache.catalina.core.StandardEngine.startInternal Starting Servlet Engine: Apache Tomcat/9.0.8
21-May-2018 15:54:08.356 INFO [main] org.apache.catalina.startup.HostConfig.deployWAR Deploying web application archive [/home/bridgeit/Documents/apache-tomcat-9.0.8/webapps/WebApp-01.war]
21-May-2018 15:54:08.647 INFO [main] org.apache.jasper.servlet.TldScanner.scanJars At least one JAR was scanned for TLDs yet contained no TLDs. Enable debug logging for this logger for a complete list of JARs that were scanned but no TLDs were found in them. Skipping unneeded JARs during scanning can improve startup time and JSP compilation time.
21-May-2018 15:54:08.708 INFO [main] org.apache.catalina.startup.HostConfig.deployWAR Deployment of web application archive [/home/bridgeit/Documents/apache-tomcat-9.0.8/webapps/WebApp-01.war] has finished in [352] ms
21-May-2018 15:54:08.709 INFO [main] org.apache.catalina.startup.HostConfig.deployDirectory Deploying web application directory [/home/bridgeit/Documents/apache-tomcat-9.0.8/webapps/host-manager]
21-May-2018 15:54:08.731 INFO [main] org.apache.jasper.servlet.TldScanner.scanJars At least one JAR was scanned for TLDs yet contained no TLDs. Enable debug logging for this logger for a complete list of JARs that were scanned but no TLDs were found in them. Skipping unneeded JARs during scanning can improve startup time and JSP compilation time.
21-May-2018 15:54:08.735 INFO [main] org.apache.catalina.startup.HostConfig.deployDirectory Deployment of web application directory [/home/bridgeit/Documents/apache-tomcat-9.0.8/webapps/host-manager] has finished in [26] ms
21-May-2018 15:54:08.735 INFO [main] org.apache.catalina.startup.HostConfig.deployDirectory Deploying web application directory [/home/bridgeit/Documents/apache-tomcat-9.0.8/webapps/docs]
21-May-2018 15:54:08.761 INFO [main] org.apache.jasper.servlet.TldScanner.scanJars At least one JAR was scanned for TLDs yet contained no TLDs. Enable debug logging for this logger for a complete list of JARs that were scanned but no TLDs were found in them. Skipping unneeded JARs during scanning can improve startup time and JSP compilation time.
21-May-2018 15:54:08.762 INFO [main] org.apache.catalina.startup.HostConfig.deployDirectory Deployment of web application directory [/home/bridgeit/Documents/apache-tomcat-9.0.8/webapps/docs] has finished in [27] ms
21-May-2018 15:54:08.763 INFO [main] org.apache.catalina.startup.HostConfig.deployDirectory Deploying web application directory [/home/bridgeit/Documents/apache-tomcat-9.0.8/webapps/examples]
21-May-2018 15:54:08.921 INFO [main] org.apache.jasper.servlet.TldScanner.scanJars At least one JAR was scanned for TLDs yet contained no TLDs. Enable debug logging for this logger for a complete list of JARs that were scanned but no TLDs were found in them. Skipping unneeded JARs during scanning can improve startup time and JSP compilation time.
21-May-2018 15:54:08.933 INFO [main] org.apache.catalina.startup.HostConfig.deployDirectory Deployment of web application directory [/home/bridgeit/Documents/apache-tomcat-9.0.8/webapps/examples] has finished in [170] ms
21-May-2018 15:54:08.933 INFO [main] org.apache.catalina.startup.HostConfig.deployDirectory Deploying web application directory [/home/bridgeit/Documents/apache-tomcat-9.0.8/webapps/ROOT]
21-May-2018 15:54:08.944 INFO [main] org.apache.jasper.servlet.TldScanner.scanJars At least one JAR was scanned for TLDs yet contained no TLDs. Enable debug logging for this logger for a complete list of JARs that were scanned but no TLDs were found in them. Skipping unneeded JARs during scanning can improve startup time and JSP compilation time.
21-May-2018 15:54:08.946 INFO [main] org.apache.catalina.startup.HostConfig.deployDirectory Deployment of web application directory [/home/bridgeit/Documents/apache-tomcat-9.0.8/webapps/ROOT] has finished in [12] ms
21-May-2018 15:54:08.946 INFO [main] org.apache.catalina.startup.HostConfig.deployDirectory Deploying web application directory [/home/bridgeit/Documents/apache-tomcat-9.0.8/webapps/manager]
21-May-2018 15:54:08.961 INFO [main] org.apache.jasper.servlet.TldScanner.scanJars At least one JAR was scanned for TLDs yet contained no TLDs. Enable debug logging for this logger for a complete list of JARs that were scanned but no TLDs were found in them. Skipping unneeded JARs during scanning can improve startup time and JSP compilation time.
21-May-2018 15:54:08.963 INFO [main] org.apache.catalina.startup.HostConfig.deployDirectory Deployment of web application directory [/home/bridgeit/Documents/apache-tomcat-9.0.8/webapps/manager] has finished in [17] ms
21-May-2018 15:54:08.968 INFO [main] org.apache.coyote.AbstractProtocol.start Starting ProtocolHandler ["http-nio-8080"]
21-May-2018 15:54:08.986 INFO [main] org.apache.coyote.AbstractProtocol.start Starting ProtocolHandler ["ajp-nio-8009"]
21-May-2018 15:54:08.988 INFO [main] org.apache.catalina.startup.Catalina.start Server startup in 667 ms
21-May-2018 15:58:26.141 INFO [main] org.apache.catalina.core.StandardServer.await A valid shutdown command was received via the shutdown port. Stopping the Server instance.
21-May-2018 15:58:26.141 INFO [main] org.apache.coyote.AbstractProtocol.pause Pausing ProtocolHandler ["http-nio-8080"]
21-May-2018 15:58:26.194 INFO [main] org.apache.coyote.AbstractProtocol.pause Pausing ProtocolHandler ["ajp-nio-8009"]
21-May-2018 15:58:26.245 INFO [main] org.apache.catalina.core.StandardService.stopInternal Stopping service [Catalina]
21-May-2018 15:58:26.272 INFO [main] org.apache.coyote.AbstractProtocol.stop Stopping ProtocolHandler ["http-nio-8080"]
21-May-2018 15:58:26.273 INFO [main] org.apache.coyote.AbstractProtocol.stop Stopping ProtocolHandler ["ajp-nio-8009"]
21-May-2018 15:58:26.274 INFO [main] org.apache.coyote.AbstractProtocol.destroy Destroying ProtocolHandler ["http-nio-8080"]
21-May-2018 15:58:26.275 INFO [main] org.apache.coyote.AbstractProtocol.destroy Destroying ProtocolHandler ["ajp-nio-8009"]
