21-May-2018 15:43:48.141 INFO [main] org.apache.catalina.startup.VersionLoggerListener.log Server version:        Apache Tomcat/9.0.8
21-May-2018 15:43:48.216 INFO [main] org.apache.catalina.startup.VersionLoggerListener.log Server built:          Apr 27 2018 19:32:00 UTC
21-May-2018 15:43:48.216 INFO [main] org.apache.catalina.startup.VersionLoggerListener.log Server number:         9.0.8.0
21-May-2018 15:43:48.217 INFO [main] org.apache.catalina.startup.VersionLoggerListener.log OS Name:               Linux
21-May-2018 15:43:48.217 INFO [main] org.apache.catalina.startup.VersionLoggerListener.log OS Version:            4.13.0-41-generic
21-May-2018 15:43:48.217 INFO [main] org.apache.catalina.startup.VersionLoggerListener.log Architecture:          amd64
21-May-2018 15:43:48.217 INFO [main] org.apache.catalina.startup.VersionLoggerListener.log Java Home:             /usr/lib/jvm/java-8-oracle/jre
21-May-2018 15:43:48.217 INFO [main] org.apache.catalina.startup.VersionLoggerListener.log JVM Version:           1.8.0_144-b01
21-May-2018 15:43:48.217 INFO [main] org.apache.catalina.startup.VersionLoggerListener.log JVM Vendor:            Oracle Corporation
21-May-2018 15:43:48.218 INFO [main] org.apache.catalina.startup.VersionLoggerListener.log CATALINA_BASE:         /home/bridgeit/Documents/apache-tomcat-9.0.8
21-May-2018 15:43:48.218 INFO [main] org.apache.catalina.startup.VersionLoggerListener.log CATALINA_HOME:         /home/bridgeit/Documents/apache-tomcat-9.0.8
21-May-2018 15:43:48.218 INFO [main] org.apache.catalina.startup.VersionLoggerListener.log Command line argument: -Djava.util.logging.config.file=/home/bridgeit/Documents/apache-tomcat-9.0.8/conf/logging.properties
21-May-2018 15:43:48.218 INFO [main] org.apache.catalina.startup.VersionLoggerListener.log Command line argument: -Djava.util.logging.manager=org.apache.juli.ClassLoaderLogManager
21-May-2018 15:43:48.219 INFO [main] org.apache.catalina.startup.VersionLoggerListener.log Command line argument: -Djdk.tls.ephemeralDHKeySize=2048
21-May-2018 15:43:48.219 INFO [main] org.apache.catalina.startup.VersionLoggerListener.log Command line argument: -Djava.protocol.handler.pkgs=org.apache.catalina.webresources
21-May-2018 15:43:48.219 INFO [main] org.apache.catalina.startup.VersionLoggerListener.log Command line argument: -Dorg.apache.catalina.security.SecurityListener.UMASK=0027
21-May-2018 15:43:48.219 INFO [main] org.apache.catalina.startup.VersionLoggerListener.log Command line argument: -Dignore.endorsed.dirs=
21-May-2018 15:43:48.219 INFO [main] org.apache.catalina.startup.VersionLoggerListener.log Command line argument: -Dcatalina.base=/home/bridgeit/Documents/apache-tomcat-9.0.8
21-May-2018 15:43:48.219 INFO [main] org.apache.catalina.startup.VersionLoggerListener.log Command line argument: -Dcatalina.home=/home/bridgeit/Documents/apache-tomcat-9.0.8
21-May-2018 15:43:48.220 INFO [main] org.apache.catalina.startup.VersionLoggerListener.log Command line argument: -Djava.io.tmpdir=/home/bridgeit/Documents/apache-tomcat-9.0.8/temp
21-May-2018 15:43:48.220 INFO [main] org.apache.catalina.core.AprLifecycleListener.lifecycleEvent The APR based Apache Tomcat Native library which allows optimal performance in production environments was not found on the java.library.path: [/usr/java/packages/lib/amd64:/usr/lib64:/lib64:/lib:/usr/lib]
21-May-2018 15:43:48.336 INFO [main] org.apache.coyote.AbstractProtocol.init Initializing ProtocolHandler ["http-nio-8080"]
21-May-2018 15:43:48.346 SEVERE [main] org.apache.catalina.util.LifecycleBase.handleSubClassException Failed to initialize component [Connector[HTTP/1.1-8080]]
 org.apache.catalina.LifecycleException: Protocol handler initialization failed
	at org.apache.catalina.connector.Connector.initInternal(Connector.java:935)
	at org.apache.catalina.util.LifecycleBase.init(LifecycleBase.java:136)
	at org.apache.catalina.core.StandardService.initInternal(StandardService.java:530)
	at org.apache.catalina.util.LifecycleBase.init(LifecycleBase.java:136)
	at org.apache.catalina.core.StandardServer.initInternal(StandardServer.java:852)
	at org.apache.catalina.util.LifecycleBase.init(LifecycleBase.java:136)
	at org.apache.catalina.startup.Catalina.load(Catalina.java:633)
	at org.apache.catalina.startup.Catalina.load(Catalina.java:656)
	at sun.reflect.NativeMethodAccessorImpl.invoke0(Native Method)
	at sun.reflect.NativeMethodAccessorImpl.invoke(NativeMethodAccessorImpl.java:62)
	at sun.reflect.DelegatingMethodAccessorImpl.invoke(DelegatingMethodAccessorImpl.java:43)
	at java.lang.reflect.Method.invoke(Method.java:498)
	at org.apache.catalina.startup.Bootstrap.load(Bootstrap.java:306)
	at org.apache.catalina.startup.Bootstrap.main(Bootstrap.java:491)
Caused by: java.net.BindException: Address already in use
	at sun.nio.ch.Net.bind0(Native Method)
	at sun.nio.ch.Net.bind(Net.java:433)
	at sun.nio.ch.Net.bind(Net.java:425)
	at sun.nio.ch.ServerSocketChannelImpl.bind(ServerSocketChannelImpl.java:223)
	at sun.nio.ch.ServerSocketAdaptor.bind(ServerSocketAdaptor.java:74)
	at org.apache.tomcat.util.net.NioEndpoint.initServerSocket(NioEndpoint.java:227)
	at org.apache.tomcat.util.net.NioEndpoint.bind(NioEndpoint.java:202)
	at org.apache.tomcat.util.net.AbstractEndpoint.init(AbstractEndpoint.java:1043)
	at org.apache.coyote.AbstractProtocol.init(AbstractProtocol.java:540)
	at org.apache.coyote.http11.AbstractHttp11Protocol.init(AbstractHttp11Protocol.java:74)
	at org.apache.catalina.connector.Connector.initInternal(Connector.java:932)
	... 13 more

21-May-2018 15:43:48.347 INFO [main] org.apache.coyote.AbstractProtocol.init Initializing ProtocolHandler ["ajp-nio-8009"]
21-May-2018 15:43:48.348 SEVERE [main] org.apache.catalina.util.LifecycleBase.handleSubClassException Failed to initialize component [Connector[AJP/1.3-8009]]
 org.apache.catalina.LifecycleException: Protocol handler initialization failed
	at org.apache.catalina.connector.Connector.initInternal(Connector.java:935)
	at org.apache.catalina.util.LifecycleBase.init(LifecycleBase.java:136)
	at org.apache.catalina.core.StandardService.initInternal(StandardService.java:530)
	at org.apache.catalina.util.LifecycleBase.init(LifecycleBase.java:136)
	at org.apache.catalina.core.StandardServer.initInternal(StandardServer.java:852)
	at org.apache.catalina.util.LifecycleBase.init(LifecycleBase.java:136)
	at org.apache.catalina.startup.Catalina.load(Catalina.java:633)
	at org.apache.catalina.startup.Catalina.load(Catalina.java:656)
	at sun.reflect.NativeMethodAccessorImpl.invoke0(Native Method)
	at sun.reflect.NativeMethodAccessorImpl.invoke(NativeMethodAccessorImpl.java:62)
	at sun.reflect.DelegatingMethodAccessorImpl.invoke(DelegatingMethodAccessorImpl.java:43)
	at java.lang.reflect.Method.invoke(Method.java:498)
	at org.apache.catalina.startup.Bootstrap.load(Bootstrap.java:306)
	at org.apache.catalina.startup.Bootstrap.main(Bootstrap.java:491)
Caused by: java.net.BindException: Address already in use
	at sun.nio.ch.Net.bind0(Native Method)
	at sun.nio.ch.Net.bind(Net.java:433)
	at sun.nio.ch.Net.bind(Net.java:425)
	at sun.nio.ch.ServerSocketChannelImpl.bind(ServerSocketChannelImpl.java:223)
	at sun.nio.ch.ServerSocketAdaptor.bind(ServerSocketAdaptor.java:74)
	at org.apache.tomcat.util.net.NioEndpoint.initServerSocket(NioEndpoint.java:227)
	at org.apache.tomcat.util.net.NioEndpoint.bind(NioEndpoint.java:202)
	at org.apache.tomcat.util.net.AbstractEndpoint.init(AbstractEndpoint.java:1043)
	at org.apache.coyote.AbstractProtocol.init(AbstractProtocol.java:540)
	at org.apache.catalina.connector.Connector.initInternal(Connector.java:932)
	... 13 more

21-May-2018 15:43:48.349 INFO [main] org.apache.catalina.startup.Catalina.load Initialization processed in 558 ms
21-May-2018 15:43:48.369 INFO [main] org.apache.catalina.core.StandardService.startInternal Starting service [Catalina]
21-May-2018 15:43:48.369 INFO [main] org.apache.catalina.core.StandardEngine.startInternal Starting Servlet Engine: Apache Tomcat/9.0.8
21-May-2018 15:43:48.409 INFO [main] org.apache.catalina.startup.HostConfig.deployWAR Deploying web application archive [/home/bridgeit/Documents/apache-tomcat-9.0.8/webapps/WebApp-01.war]
21-May-2018 15:43:48.751 INFO [main] org.apache.jasper.servlet.TldScanner.scanJars At least one JAR was scanned for TLDs yet contained no TLDs. Enable debug logging for this logger for a complete list of JARs that were scanned but no TLDs were found in them. Skipping unneeded JARs during scanning can improve startup time and JSP compilation time.
21-May-2018 15:43:48.784 INFO [main] org.apache.catalina.startup.HostConfig.deployWAR Deployment of web application archive [/home/bridgeit/Documents/apache-tomcat-9.0.8/webapps/WebApp-01.war] has finished in [375] ms
21-May-2018 15:43:48.785 INFO [main] org.apache.catalina.startup.HostConfig.deployDirectory Deploying web application directory [/home/bridgeit/Documents/apache-tomcat-9.0.8/webapps/host-manager]
21-May-2018 15:43:48.818 INFO [main] org.apache.jasper.servlet.TldScanner.scanJars At least one JAR was scanned for TLDs yet contained no TLDs. Enable debug logging for this logger for a complete list of JARs that were scanned but no TLDs were found in them. Skipping unneeded JARs during scanning can improve startup time and JSP compilation time.
21-May-2018 15:43:48.822 INFO [main] org.apache.catalina.startup.HostConfig.deployDirectory Deployment of web application directory [/home/bridgeit/Documents/apache-tomcat-9.0.8/webapps/host-manager] has finished in [37] ms
21-May-2018 15:43:48.822 INFO [main] org.apache.catalina.startup.HostConfig.deployDirectory Deploying web application directory [/home/bridgeit/Documents/apache-tomcat-9.0.8/webapps/docs]
21-May-2018 15:43:48.845 INFO [main] org.apache.jasper.servlet.TldScanner.scanJars At least one JAR was scanned for TLDs yet contained no TLDs. Enable debug logging for this logger for a complete list of JARs that were scanned but no TLDs were found in them. Skipping unneeded JARs during scanning can improve startup time and JSP compilation time.
21-May-2018 15:43:48.847 INFO [main] org.apache.catalina.startup.HostConfig.deployDirectory Deployment of web application directory [/home/bridgeit/Documents/apache-tomcat-9.0.8/webapps/docs] has finished in [25] ms
21-May-2018 15:43:48.847 INFO [main] org.apache.catalina.startup.HostConfig.deployDirectory Deploying web application directory [/home/bridgeit/Documents/apache-tomcat-9.0.8/webapps/examples]
21-May-2018 15:43:49.097 INFO [main] org.apache.jasper.servlet.TldScanner.scanJars At least one JAR was scanned for TLDs yet contained no TLDs. Enable debug logging for this logger for a complete list of JARs that were scanned but no TLDs were found in them. Skipping unneeded JARs during scanning can improve startup time and JSP compilation time.
21-May-2018 15:43:49.110 INFO [main] org.apache.catalina.startup.HostConfig.deployDirectory Deployment of web application directory [/home/bridgeit/Documents/apache-tomcat-9.0.8/webapps/examples] has finished in [263] ms
21-May-2018 15:43:49.110 INFO [main] org.apache.catalina.startup.HostConfig.deployDirectory Deploying web application directory [/home/bridgeit/Documents/apache-tomcat-9.0.8/webapps/ROOT]
21-May-2018 15:43:49.130 INFO [main] org.apache.jasper.servlet.TldScanner.scanJars At least one JAR was scanned for TLDs yet contained no TLDs. Enable debug logging for this logger for a complete list of JARs that were scanned but no TLDs were found in them. Skipping unneeded JARs during scanning can improve startup time and JSP compilation time.
21-May-2018 15:43:49.132 INFO [main] org.apache.catalina.startup.HostConfig.deployDirectory Deployment of web application directory [/home/bridgeit/Documents/apache-tomcat-9.0.8/webapps/ROOT] has finished in [22] ms
21-May-2018 15:43:49.133 INFO [main] org.apache.catalina.startup.HostConfig.deployDirectory Deploying web application directory [/home/bridgeit/Documents/apache-tomcat-9.0.8/webapps/manager]
21-May-2018 15:43:49.149 INFO [main] org.apache.jasper.servlet.TldScanner.scanJars At least one JAR was scanned for TLDs yet contained no TLDs. Enable debug logging for this logger for a complete list of JARs that were scanned but no TLDs were found in them. Skipping unneeded JARs during scanning can improve startup time and JSP compilation time.
21-May-2018 15:43:49.151 INFO [main] org.apache.catalina.startup.HostConfig.deployDirectory Deployment of web application directory [/home/bridgeit/Documents/apache-tomcat-9.0.8/webapps/manager] has finished in [19] ms
21-May-2018 15:43:49.154 INFO [main] org.apache.catalina.startup.Catalina.start Server startup in 804 ms
21-May-2018 15:43:49.155 SEVERE [main] org.apache.catalina.core.StandardServer.await StandardServer.await: create[localhost:8005]: 
 java.net.BindException: Address already in use (Bind failed)
	at java.net.PlainSocketImpl.socketBind(Native Method)
	at java.net.AbstractPlainSocketImpl.bind(AbstractPlainSocketImpl.java:387)
	at java.net.ServerSocket.bind(ServerSocket.java:375)
	at java.net.ServerSocket.<init>(ServerSocket.java:237)
	at org.apache.catalina.core.StandardServer.await(StandardServer.java:422)
	at org.apache.catalina.startup.Catalina.await(Catalina.java:770)
	at org.apache.catalina.startup.Catalina.start(Catalina.java:716)
	at sun.reflect.NativeMethodAccessorImpl.invoke0(Native Method)
	at sun.reflect.NativeMethodAccessorImpl.invoke(NativeMethodAccessorImpl.java:62)
	at sun.reflect.DelegatingMethodAccessorImpl.invoke(DelegatingMethodAccessorImpl.java:43)
	at java.lang.reflect.Method.invoke(Method.java:498)
	at org.apache.catalina.startup.Bootstrap.start(Bootstrap.java:350)
	at org.apache.catalina.startup.Bootstrap.main(Bootstrap.java:492)

21-May-2018 15:43:49.155 INFO [main] org.apache.coyote.AbstractProtocol.pause Pausing ProtocolHandler ["http-nio-8080"]
21-May-2018 15:43:49.156 INFO [main] org.apache.coyote.AbstractProtocol.pause Pausing ProtocolHandler ["ajp-nio-8009"]
21-May-2018 15:43:49.156 INFO [main] org.apache.catalina.core.StandardService.stopInternal Stopping service [Catalina]
21-May-2018 15:43:49.178 INFO [main] org.apache.coyote.AbstractProtocol.stop Stopping ProtocolHandler ["http-nio-8080"]
21-May-2018 15:43:49.178 INFO [main] org.apache.coyote.AbstractProtocol.destroy Destroying ProtocolHandler ["http-nio-8080"]
21-May-2018 15:43:49.178 INFO [main] org.apache.coyote.AbstractProtocol.stop Stopping ProtocolHandler ["ajp-nio-8009"]
21-May-2018 15:43:49.178 INFO [main] org.apache.coyote.AbstractProtocol.destroy Destroying ProtocolHandler ["ajp-nio-8009"]
21-May-2018 15:54:08.188 INFO [main] org.apache.catalina.startup.VersionLoggerListener.log Server version:        Apache Tomcat/9.0.8
21-May-2018 15:54:08.191 INFO [main] org.apache.catalina.startup.VersionLoggerListener.log Server built:          Apr 27 2018 19:32:00 UTC
21-May-2018 15:54:08.191 INFO [main] org.apache.catalina.startup.VersionLoggerListener.log Server number:         9.0.8.0
21-May-2018 15:54:08.191 INFO [main] org.apache.catalina.startup.VersionLoggerListener.log OS Name:               Linux
21-May-2018 15:54:08.191 INFO [main] org.apache.catalina.startup.VersionLoggerListener.log OS Version:            4.13.0-41-generic
21-May-2018 15:54:08.192 INFO [main] org.apache.catalina.startup.VersionLoggerListener.log Architecture:          amd64
21-May-2018 15:54:08.192 INFO [main] org.apache.catalina.startup.VersionLoggerListener.log Java Home:             /usr/lib/jvm/java-8-oracle/jre
21-May-2018 15:54:08.192 INFO [main] org.apache.catalina.startup.VersionLoggerListener.log JVM Version:           1.8.0_144-b01
21-May-2018 15:54:08.192 INFO [main] org.apache.catalina.startup.VersionLoggerListener.log JVM Vendor:            Oracle Corporation
21-May-2018 15:54:08.192 INFO [main] org.apache.catalina.startup.VersionLoggerListener.log CATALINA_BASE:         /home/bridgeit/Documents/apache-tomcat-9.0.8
21-May-2018 15:54:08.192 INFO [main] org.apache.catalina.startup.VersionLoggerListener.log CATALINA_HOME:         /home/bridgeit/Documents/apache-tomcat-9.0.8
21-May-2018 15:54:08.193 INFO [main] org.apache.catalina.startup.VersionLoggerListener.log Command line argument: -Djava.util.logging.config.file=/home/bridgeit/Documents/apache-tomcat-9.0.8/conf/logging.properties
21-May-2018 15:54:08.193 INFO [main] org.apache.catalina.startup.VersionLoggerListener.log Command line argument: -Djava.util.logging.manager=org.apache.juli.ClassLoaderLogManager
21-May-2018 15:54:08.193 INFO [main] org.apache.catalina.startup.VersionLoggerListener.log Command line argument: -Djdk.tls.ephemeralDHKeySize=2048
21-May-2018 15:54:08.193 INFO [main] org.apache.catalina.startup.VersionLoggerListener.log Command line argument: -Djava.protocol.handler.pkgs=org.apache.catalina.webresources
21-May-2018 15:54:08.193 INFO [main] org.apache.catalina.startup.VersionLoggerListener.log Command line argument: -Dorg.apache.catalina.security.SecurityListener.UMASK=0027
21-May-2018 15:54:08.194 INFO [main] org.apache.catalina.startup.VersionLoggerListener.log Command line argument: -Dignore.endorsed.dirs=
21-May-2018 15:54:08.194 INFO [main] org.apache.catalina.startup.VersionLoggerListener.log Command line argument: -Dcatalina.base=/home/bridgeit/Documents/apache-tomcat-9.0.8
21-May-2018 15:54:08.194 INFO [main] org.apache.catalina.startup.VersionLoggerListener.log Command line argument: -Dcatalina.home=/home/bridgeit/Documents/apache-tomcat-9.0.8
21-May-2018 15:54:08.194 INFO [main] org.apache.catalina.startup.VersionLoggerListener.log Command line argument: -Djava.io.tmpdir=/home/bridgeit/Documents/apache-tomcat-9.0.8/temp
21-May-2018 15:54:08.194 INFO [main] org.apache.catalina.core.AprLifecycleListener.lifecycleEvent The APR based Apache Tomcat Native library which allows optimal performance in production environments was not found on the java.library.path: [/usr/java/packages/lib/amd64:/usr/lib64:/lib64:/lib:/usr/lib]
21-May-2018 15:54:08.300 INFO [main] org.apache.coyote.AbstractProtocol.init Initializing ProtocolHandler ["http-nio-8080"]
21-May-2018 15:54:08.312 INFO [main] org.apache.tomcat.util.net.NioSelectorPool.getSharedSelector Using a shared selector for servlet write/read
21-May-2018 15:54:08.318 INFO [main] org.apache.coyote.AbstractProtocol.init Initializing ProtocolHandler ["ajp-nio-8009"]
21-May-2018 15:54:08.319 INFO [main] org.apache.tomcat.util.net.NioSelectorPool.getSharedSelector Using a shared selector for servlet write/read
21-May-2018 15:54:08.320 INFO [main] org.apache.catalina.startup.Catalina.load Initialization processed in 437 ms
21-May-2018 15:54:08.339 INFO [main] org.apache.catalina.core.StandardService.startInternal Starting service [Catalina]
21-May-2018 15:54:08.339 INFO [main] org.apache.catalina.core.StandardEngine.startInternal Starting Servlet Engine: Apache Tomcat/9.0.8
21-May-2018 15:54:08.356 INFO [main] org.apache.catalina.startup.HostConfig.deployWAR Deploying web application archive [/home/bridgeit/Documents/apache-tomcat-9.0.8/webapps/WebApp-01.war]
21-May-2018 15:54:08.647 INFO [main] org.apache.jasper.servlet.TldScanner.scanJars At least one JAR was scanned for TLDs yet contained no TLDs. Enable debug logging for this logger for a complete list of JARs that were scanned but no TLDs were found in them. Skipping unneeded JARs during scanning can improve startup time and JSP compilation time.
21-May-2018 15:54:08.708 INFO [main] org.apache.catalina.startup.HostConfig.deployWAR Deployment of web application archive [/home/bridgeit/Documents/apache-tomcat-9.0.8/webapps/WebApp-01.war] has finished in [352] ms
21-May-2018 15:54:08.709 INFO [main] org.apache.catalina.startup.HostConfig.deployDirectory Deploying web application directory [/home/bridgeit/Documents/apache-tomcat-9.0.8/webapps/host-manager]
21-May-2018 15:54:08.731 INFO [main] org.apache.jasper.servlet.TldScanner.scanJars At least one JAR was scanned for TLDs yet contained no TLDs. Enable debug logging for this logger for a complete list of JARs that were scanned but no TLDs were found in them. Skipping unneeded JARs during scanning can improve startup time and JSP compilation time.
21-May-2018 15:54:08.735 INFO [main] org.apache.catalina.startup.HostConfig.deployDirectory Deployment of web application directory [/home/bridgeit/Documents/apache-tomcat-9.0.8/webapps/host-manager] has finished in [26] ms
21-May-2018 15:54:08.735 INFO [main] org.apache.catalina.startup.HostConfig.deployDirectory Deploying web application directory [/home/bridgeit/Documents/apache-tomcat-9.0.8/webapps/docs]
21-May-2018 15:54:08.761 INFO [main] org.apache.jasper.servlet.TldScanner.scanJars At least one JAR was scanned for TLDs yet contained no TLDs. Enable debug logging for this logger for a complete list of JARs that were scanned but no TLDs were found in them. Skipping unneeded JARs during scanning can improve startup time and JSP compilation time.
21-May-2018 15:54:08.762 INFO [main] org.apache.catalina.startup.HostConfig.deployDirectory Deployment of web application directory [/home/bridgeit/Documents/apache-tomcat-9.0.8/webapps/docs] has finished in [27] ms
21-May-2018 15:54:08.763 INFO [main] org.apache.catalina.startup.HostConfig.deployDirectory Deploying web application directory [/home/bridgeit/Documents/apache-tomcat-9.0.8/webapps/examples]
21-May-2018 15:54:08.921 INFO [main] org.apache.jasper.servlet.TldScanner.scanJars At least one JAR was scanned for TLDs yet contained no TLDs. Enable debug logging for this logger for a complete list of JARs that were scanned but no TLDs were found in them. Skipping unneeded JARs during scanning can improve startup time and JSP compilation time.
21-May-2018 15:54:08.933 INFO [main] org.apache.catalina.startup.HostConfig.deployDirectory Deployment of web application directory [/home/bridgeit/Documents/apache-tomcat-9.0.8/webapps/examples] has finished in [170] ms
21-May-2018 15:54:08.933 INFO [main] org.apache.catalina.startup.HostConfig.deployDirectory Deploying web application directory [/home/bridgeit/Documents/apache-tomcat-9.0.8/webapps/ROOT]
21-May-2018 15:54:08.944 INFO [main] org.apache.jasper.servlet.TldScanner.scanJars At least one JAR was scanned for TLDs yet contained no TLDs. Enable debug logging for this logger for a complete list of JARs that were scanned but no TLDs were found in them. Skipping unneeded JARs during scanning can improve startup time and JSP compilation time.
21-May-2018 15:54:08.946 INFO [main] org.apache.catalina.startup.HostConfig.deployDirectory Deployment of web application directory [/home/bridgeit/Documents/apache-tomcat-9.0.8/webapps/ROOT] has finished in [12] ms
21-May-2018 15:54:08.946 INFO [main] org.apache.catalina.startup.HostConfig.deployDirectory Deploying web application directory [/home/bridgeit/Documents/apache-tomcat-9.0.8/webapps/manager]
21-May-2018 15:54:08.961 INFO [main] org.apache.jasper.servlet.TldScanner.scanJars At least one JAR was scanned for TLDs yet contained no TLDs. Enable debug logging for this logger for a complete list of JARs that were scanned but no TLDs were found in them. Skipping unneeded JARs during scanning can improve startup time and JSP compilation time.
21-May-2018 15:54:08.963 INFO [main] org.apache.catalina.startup.HostConfig.deployDirectory Deployment of web application directory [/home/bridgeit/Documents/apache-tomcat-9.0.8/webapps/manager] has finished in [17] ms
21-May-2018 15:54:08.968 INFO [main] org.apache.coyote.AbstractProtocol.start Starting ProtocolHandler ["http-nio-8080"]
21-May-2018 15:54:08.986 INFO [main] org.apache.coyote.AbstractProtocol.start Starting ProtocolHandler ["ajp-nio-8009"]
21-May-2018 15:54:08.988 INFO [main] org.apache.catalina.startup.Catalina.start Server startup in 667 ms
21-May-2018 15:58:26.141 INFO [main] org.apache.catalina.core.StandardServer.await A valid shutdown command was received via the shutdown port. Stopping the Server instance.
21-May-2018 15:58:26.141 INFO [main] org.apache.coyote.AbstractProtocol.pause Pausing ProtocolHandler ["http-nio-8080"]
21-May-2018 15:58:26.194 INFO [main] org.apache.coyote.AbstractProtocol.pause Pausing ProtocolHandler ["ajp-nio-8009"]
21-May-2018 15:58:26.245 INFO [main] org.apache.catalina.core.StandardService.stopInternal Stopping service [Catalina]
21-May-2018 15:58:26.272 INFO [main] org.apache.coyote.AbstractProtocol.stop Stopping ProtocolHandler ["http-nio-8080"]
21-May-2018 15:58:26.273 INFO [main] org.apache.coyote.AbstractProtocol.stop Stopping ProtocolHandler ["ajp-nio-8009"]
21-May-2018 15:58:26.274 INFO [main] org.apache.coyote.AbstractProtocol.destroy Destroying ProtocolHandler ["http-nio-8080"]
21-May-2018 15:58:26.275 INFO [main] org.apache.coyote.AbstractProtocol.destroy Destroying ProtocolHandler ["ajp-nio-8009"]
